drop table if exists smallt;
NOTICE:  table "smallt" does not exist, skipping
create table smallt (i int, t text, d date) distributed by (i);
insert into smallt select i%10, 'text ' || (i%15), '2011-01-01'::date + ((i%20) || ' days')::interval
from generate_series(0, 99) i;
drop table if exists bigt;
NOTICE:  table "bigt" does not exist, skipping
create table bigt (i int, t text, d date) distributed by (i);
insert into bigt select i/10, 'text ' || (i/15), '2011-01-01'::date + ((i/20) || ' days')::interval
from generate_series(0, 999999) i;
drop table if exists smallt2;
NOTICE:  table "smallt2" does not exist, skipping
create table smallt2 (i int, t text, d date) distributed by (i);
insert into smallt2 select i%5, 'text ' || (i%10), '2011-01-01'::date + ((i%15) || ' days')::interval
from generate_series(0, 49) i;
-- HashAgg, Agg
select d, count(*) from smallt group by d;
     d      | count 
------------+-------
 01-13-2011 |     5
 01-11-2011 |     5
 01-03-2011 |     5
 01-09-2011 |     5
 01-15-2011 |     5
 01-07-2011 |     5
 01-01-2011 |     5
 01-05-2011 |     5
 01-19-2011 |     5
 01-17-2011 |     5
 01-12-2011 |     5
 01-08-2011 |     5
 01-10-2011 |     5
 01-14-2011 |     5
 01-20-2011 |     5
 01-18-2011 |     5
 01-04-2011 |     5
 01-02-2011 |     5
 01-16-2011 |     5
 01-06-2011 |     5
(20 rows)

explain analyze select d, count(*) from smallt group by d;
                                                                               QUERY PLAN                                                                               
------------------------------------------------------------------------------------------------------------------------------------------------------------------------
 Gather Motion 2:1  (slice2; segments: 2)  (cost=0.00..431.01 rows=20 width=12)
   Rows out:  20 rows at destination with 15 ms to end, start offset by 0.530 ms.
   ->  HashAggregate  (cost=0.00..431.01 rows=10 width=12)
         Group By: d
         Rows out:  Avg 10.0 rows x 2 workers.  Max 10 rows (seg0) with 11 ms to first row, 14 ms to end, start offset by 1.196 ms.
         Executor memory:  6233K bytes avg, 6233K bytes max (seg0).
         ->  Redistribute Motion 2:2  (slice1; segments: 2)  (cost=0.00..431.01 rows=10 width=12)
               Hash Key: d
               Rows out:  Avg 10.0 rows x 2 workers at destination.  Max 10 rows (seg0) with 3.252 ms to first row, 6.202 ms to end, start offset by 4.310 ms.
               ->  Result  (cost=0.00..431.01 rows=10 width=12)
                     Rows out:  Avg 10.0 rows x 2 workers.  Max 10 rows (seg0) with 4.266 ms to first row, 4.308 ms to end, start offset by 6.100 ms.
                     ->  GroupAggregate  (cost=0.00..431.01 rows=10 width=12)
                           Group By: d
                           Rows out:  Avg 10.0 rows x 2 workers.  Max 10 rows (seg0) with 4.254 ms to first row, 4.293 ms to end, start offset by 6.110 ms.
                           ->  Sort  (cost=0.00..431.01 rows=50 width=4)
                                 Sort Key: d
                                 Rows out:  Avg 50.0 rows x 2 workers.  Max 50 rows (seg0) with 4.234 ms to first row, 4.245 ms to end, start offset by 6.120 ms.
                                 Executor memory:  29K bytes avg, 29K bytes max (seg0).
                                 Work_mem used:  29K bytes avg, 29K bytes max (seg0). Workfile: (0 spilling, 0 reused)
                                 ->  Table Scan on smallt  (cost=0.00..431.00 rows=50 width=4)
                                       Rows out:  Avg 50.0 rows x 2 workers.  Max 50 rows (seg0) with 4.123 ms to first row, 4.148 ms to end, start offset by 6.165 ms.
 Slice statistics:
   (slice0)    Executor memory: 159K bytes.
   (slice1)    Executor memory: 195K bytes avg x 2 workers, 195K bytes max (seg0).  Work_mem: 29K bytes max.
   (slice2)    Executor memory: 6401K bytes avg x 2 workers, 6403K bytes max (seg1).
 Statement statistics:
   Memory used: 128000K bytes
 Settings:  optimizer=on; optimizer_segments=3
 Total runtime: 16.157 ms
(29 rows)

set statement_mem=2560;
select count(*) from (select i, t, d, count(*) from bigt group by i, t, d) tmp;
 count  
--------
 133333
(1 row)

explain analyze select count(*) from (select i, t, d, count(*) from bigt group by i, t, d) tmp;
                                                                            QUERY PLAN                                                                            
------------------------------------------------------------------------------------------------------------------------------------------------------------------
 Aggregate  (cost=0.00..576.20 rows=1 width=8)
   Rows out:  1 rows with 1095 ms to end, start offset by 0.505 ms.
   ->  Gather Motion 2:1  (slice1; segments: 2)  (cost=0.00..576.20 rows=1 width=8)
         Rows out:  2 rows at destination with 1090 ms to first row, 1095 ms to end, start offset by 0.516 ms.
         ->  Aggregate  (cost=0.00..576.20 rows=1 width=8)
               Rows out:  Avg 1.0 rows x 2 workers.  Max 1 rows (seg0) with 1094 ms to end, start offset by 1.056 ms.
               ->  HashAggregate  (cost=0.00..576.20 rows=500588 width=1)
                     Group By: i, t, d
                     Rows out:  Avg 66666.5 rows x 2 workers.  Max 66668 rows (seg1) with 968 ms to first row, 1072 ms to end, start offset by 1.065 ms.
                     Executor memory:  2954K bytes avg, 2954K bytes max (seg0).
                     Work_mem used:  2461K bytes avg, 2461K bytes max (seg0). Workfile: (2 spilling, 0 reused)
                     Work_mem wanted: 6035K bytes avg, 6035K bytes max (seg1) to lessen workfile I/O affecting 2 workers.
                     (seg1)   66668 groups total in 32 batches; 1 overflows; 66668 spill groups.
                     (seg1)   Hash chain length 1.2 avg, 8 max, using 86654 of 1081344 buckets.
                     ->  Table Scan on bigt  (cost=0.00..444.58 rows=500588 width=18)
                           Rows out:  Avg 500000.0 rows x 2 workers.  Max 500000 rows (seg0) with 0.043 ms to first row, 114 ms to end, start offset by 1.140 ms.
 Slice statistics:
   (slice0)    Executor memory: 159K bytes.
   (slice1)  * Executor memory: 3112K bytes avg x 2 workers, 3112K bytes max (seg0).  Work_mem: 2461K bytes max, 6035K bytes wanted.
 Statement statistics:
   Memory used: 2560K bytes
   Memory wanted: 6434K bytes
 Settings:  optimizer=on; optimizer_segments=3
 Total runtime: 1096.543 ms
(24 rows)

set statement_mem=128000;
-- DQA
set gp_enable_agg_distinct=off;
set gp_eager_one_phase_agg=on;
select count(distinct d) from smallt;
 count 
-------
    20
(1 row)

explain analyze select count(distinct d) from smallt;
                                                                             QUERY PLAN                                                                              
---------------------------------------------------------------------------------------------------------------------------------------------------------------------
 Aggregate  (cost=0.00..431.00 rows=1 width=8)
   Rows out:  1 rows with 8.009 ms to end, start offset by 0.685 ms.
   ->  Gather Motion 2:1  (slice2; segments: 2)  (cost=0.00..431.00 rows=1 width=8)
         Rows out:  2 rows at destination with 7.824 ms to first row, 7.984 ms to end, start offset by 0.701 ms.
         ->  Aggregate  (cost=0.00..431.00 rows=1 width=8)
               Rows out:  Avg 1.0 rows x 2 workers.  Max 1 rows (seg0) with 7.330 ms to end, start offset by 1.263 ms.
               Executor memory:  29K bytes avg, 29K bytes max (seg0).
               Work_mem used:  29K bytes avg, 29K bytes max (seg0).
               ->  Redistribute Motion 2:2  (slice1; segments: 2)  (cost=0.00..431.00 rows=50 width=4)
                     Hash Key: d
                     Rows out:  Avg 50.0 rows x 2 workers at destination.  Max 50 rows (seg0) with 7.205 ms to first row, 7.224 ms to end, start offset by 1.274 ms.
                     ->  Table Scan on smallt  (cost=0.00..431.00 rows=50 width=4)
                           Rows out:  Avg 50.0 rows x 2 workers.  Max 50 rows (seg0) with 3.747 ms to first row, 3.770 ms to end, start offset by 4.187 ms.
 Slice statistics:
   (slice0)    Executor memory: 159K bytes.
   (slice1)    Executor memory: 191K bytes avg x 2 workers, 191K bytes max (seg0).
   (slice2)    Executor memory: 199K bytes avg x 2 workers, 199K bytes max (seg0).  Work_mem: 29K bytes max.
 Statement statistics:
   Memory used: 128000K bytes
 Settings:  gp_enable_agg_distinct=off; optimizer=on; optimizer_segments=3
 Total runtime: 9.346 ms
(21 rows)

set statement_mem=2560;
select count(distinct d) from bigt;
 count 
-------
 50000
(1 row)

explain analyze select count(distinct d) from bigt;
                                                                                 QUERY PLAN                                                                                 
----------------------------------------------------------------------------------------------------------------------------------------------------------------------------
 Aggregate  (cost=0.00..451.39 rows=1 width=8)
   Rows out:  1 rows with 3480 ms to end, start offset by 0.455 ms.
   ->  Gather Motion 2:1  (slice2; segments: 2)  (cost=0.00..451.39 rows=1 width=8)
         Rows out:  2 rows at destination with 3431 ms to first row, 3480 ms to end, start offset by 0.466 ms.
         ->  Aggregate  (cost=0.00..451.39 rows=1 width=8)
               Rows out:  Avg 1.0 rows x 2 workers.  Max 1 rows (seg0) with 3430 ms to end, start offset by 1.152 ms.
               Executor memory:  2585K bytes avg, 2585K bytes max (seg0).
               Work_mem used:  2585K bytes avg, 2585K bytes max (seg0).
               Work_mem wanted: 9799K bytes avg, 9799K bytes max (seg0) to lessen workfile I/O affecting 2 workers.
               ->  Redistribute Motion 2:2  (slice1; segments: 2)  (cost=0.00..451.24 rows=500588 width=4)
                     Hash Key: d
                     Rows out:  Avg 500000.0 rows x 2 workers at destination.  Max 500000 rows (seg0) with 8.472 ms to first row, 1049 ms to end, start offset by 1.157 ms.
                     ->  Table Scan on bigt  (cost=0.00..444.58 rows=500588 width=4)
                           Rows out:  Avg 500000.0 rows x 2 workers.  Max 500000 rows (seg0) with 2.335 ms to first row, 356 ms to end, start offset by 3.593 ms.
 Slice statistics:
   (slice0)    Executor memory: 159K bytes.
   (slice1)    Executor memory: 199K bytes avg x 2 workers, 199K bytes max (seg0).
   (slice2)  * Executor memory: 2859K bytes avg x 2 workers, 2859K bytes max (seg0).  Work_mem: 2585K bytes max, 9799K bytes wanted.
 Statement statistics:
   Memory used: 2560K bytes
   Memory wanted: 10198K bytes
 Settings:  gp_enable_agg_distinct=off; optimizer=on; optimizer_segments=3
 Total runtime: 3480.749 ms
(23 rows)

set statement_mem=128000;
set gp_enable_agg_distinct=on;
set gp_eager_one_phase_agg=off;
-- Rescan on Agg (with Material in the inner side of nestloop)
-- start_ignore
-- Known_opt_diff: This test is only here for the planner. It doesn't exercise eagerfree in ORCA plans
-- end_ignore
set enable_nestloop=on;
set enable_hashjoin=off;
select t1.*, t2.* from
(select d, count(*) from smallt group by d) as t1, (select d, sum(i) from smallt group by d) as t2
where t1.d = t2.d;
     d      | count |     d      | sum 
------------+-------+------------+-----
 01-13-2011 |     5 | 01-13-2011 |  10
 01-11-2011 |     5 | 01-11-2011 |   0
 01-15-2011 |     5 | 01-15-2011 |  20
 01-07-2011 |     5 | 01-07-2011 |  30
 01-01-2011 |     5 | 01-01-2011 |   0
 01-03-2011 |     5 | 01-03-2011 |  10
 01-05-2011 |     5 | 01-05-2011 |  20
 01-09-2011 |     5 | 01-09-2011 |  40
 01-19-2011 |     5 | 01-19-2011 |  40
 01-17-2011 |     5 | 01-17-2011 |  30
 01-18-2011 |     5 | 01-18-2011 |  35
 01-12-2011 |     5 | 01-12-2011 |   5
 01-04-2011 |     5 | 01-04-2011 |  15
 01-08-2011 |     5 | 01-08-2011 |  35
 01-02-2011 |     5 | 01-02-2011 |   5
 01-10-2011 |     5 | 01-10-2011 |  45
 01-14-2011 |     5 | 01-14-2011 |  15
 01-16-2011 |     5 | 01-16-2011 |  25
 01-20-2011 |     5 | 01-20-2011 |  45
 01-06-2011 |     5 | 01-06-2011 |  25
(20 rows)

explain analyze select t1.*, t2.* from
(select d, count(*) from smallt group by d) as t1, (select d, sum(i) from smallt group by d) as t2
where t1.d = t2.d;
                                                                                QUERY PLAN                                                                                 
---------------------------------------------------------------------------------------------------------------------------------------------------------------------------
 Gather Motion 2:1  (slice3; segments: 2)  (cost=0.00..862.02 rows=20 width=24)
   Rows out:  20 rows at destination with 32 ms to first row, 33 ms to end, start offset by 1.248 ms.
   ->  Hash Join  (cost=0.00..862.02 rows=10 width=24)
         Hash Cond: public.smallt.d = public.smallt.d
         Rows out:  Avg 10.0 rows x 2 workers.  Max 10 rows (seg0) with 28 ms to first row, 30 ms to end, start offset by 2.633 ms.
         Executor memory:  1K bytes avg, 1K bytes max (seg0).
         Work_mem used:  1K bytes avg, 1K bytes max (seg0). Workfile: (0 spilling, 0 reused)
         (seg0)   Hash chain length 1.0 avg, 1 max, using 10 of 131111 buckets.
         ->  HashAggregate  (cost=0.00..431.01 rows=10 width=12)
               Group By: public.smallt.d
               Rows out:  Avg 10.0 rows x 2 workers.  Max 10 rows (seg0) with 1.442 ms to first row, 3.036 ms to end, start offset by 29 ms.
               Executor memory:  3161K bytes avg, 3161K bytes max (seg0).
               ->  Redistribute Motion 2:2  (slice1; segments: 2)  (cost=0.00..431.01 rows=10 width=12)
                     Hash Key: public.smallt.d
                     Rows out:  Avg 10.0 rows x 2 workers at destination.  Max 10 rows (seg0) with 0.050 ms to first row, 0.057 ms to end, start offset by 30 ms.
                     ->  Result  (cost=0.00..431.01 rows=10 width=12)
                           Rows out:  Avg 10.0 rows x 2 workers.  Max 10 rows (seg0) with 5.577 ms to first row, 5.650 ms to end, start offset by 19 ms.
                           ->  GroupAggregate  (cost=0.00..431.01 rows=10 width=12)
                                 Group By: public.smallt.d
                                 Rows out:  Avg 10.0 rows x 2 workers.  Max 10 rows (seg0) with 5.567 ms to first row, 5.634 ms to end, start offset by 19 ms.
                                 ->  Sort  (cost=0.00..431.01 rows=50 width=4)
                                       Sort Key: public.smallt.d
                                       Rows out:  Avg 50.0 rows x 2 workers.  Max 50 rows (seg0) with 5.540 ms to first row, 5.562 ms to end, start offset by 19 ms.
                                       Executor memory:  29K bytes avg, 29K bytes max (seg0).
                                       Work_mem used:  29K bytes avg, 29K bytes max (seg0). Workfile: (0 spilling, 0 reused)
                                       ->  Table Scan on smallt  (cost=0.00..431.00 rows=50 width=4)
                                             Rows out:  Avg 50.0 rows x 2 workers.  Max 50 rows (seg0) with 5.346 ms to first row, 5.383 ms to end, start offset by 19 ms.
         ->  Hash  (cost=431.01..431.01 rows=10 width=12)
               Rows in:  Avg 10.0 rows x 2 workers.  Max 10 rows (seg0) with 26 ms to end, start offset by 2.983 ms.
               ->  HashAggregate  (cost=0.00..431.01 rows=10 width=12)
                     Group By: public.smallt.d
                     Rows out:  Avg 10.0 rows x 2 workers.  Max 10 rows (seg0) with 24 ms to first row, 26 ms to end, start offset by 2.984 ms.
                     Executor memory:  3161K bytes avg, 3161K bytes max (seg0).
                     ->  Redistribute Motion 2:2  (slice2; segments: 2)  (cost=0.00..431.01 rows=10 width=12)
                           Hash Key: public.smallt.d
                           Rows out:  Avg 10.0 rows x 2 workers at destination.  Max 10 rows (seg0) with 21 ms to first row, 23 ms to end, start offset by 3.624 ms.
                           ->  Result  (cost=0.00..431.01 rows=10 width=12)
                                 Rows out:  Avg 10.0 rows x 2 workers.  Max 10 rows (seg0) with 6.176 ms to first row, 7.762 ms to end, start offset by 18 ms.
                                 ->  HashAggregate  (cost=0.00..431.01 rows=10 width=12)
                                       Group By: public.smallt.d
                                       Rows out:  Avg 10.0 rows x 2 workers.  Max 10 rows (seg0) with 6.163 ms to first row, 7.745 ms to end, start offset by 18 ms.
                                       Executor memory:  3161K bytes avg, 3161K bytes max (seg0).
                                       ->  Table Scan on smallt  (cost=0.00..431.00 rows=50 width=8)
                                             Rows out:  Avg 50.0 rows x 2 workers.  Max 50 rows (seg0) with 4.436 ms to first row, 4.472 ms to end, start offset by 19 ms.
 Slice statistics:
   (slice0)    Executor memory: 227K bytes.
   (slice1)    Executor memory: 263K bytes avg x 2 workers, 263K bytes max (seg0).  Work_mem: 29K bytes max.
   (slice2)    Executor memory: 3395K bytes avg x 2 workers, 3395K bytes max (seg0).
   (slice3)    Executor memory: 4963K bytes avg x 2 workers, 4963K bytes max (seg0).  Work_mem: 1K bytes max.
 Statement statistics:
   Memory used: 128000K bytes
 Settings:  enable_hashjoin=off; enable_nestloop=on; gp_enable_agg_distinct=on; optimizer=on; optimizer_segments=3
 Total runtime: 34.720 ms
(53 rows)

set enable_nestloop=off;
set enable_hashjoin=on;
-- Rescan on Agg (with Material in the inner side of nestloop)
-- start_ignore
-- Known_opt_diff: This test is only here for the planner. It doesn't exercise eagerfree in ORCA plans
-- end_ignore
set enable_nestloop=on;
set enable_hashjoin=off;
select t1.*, t2.* from
(select i, count(*) from smallt group by i) as t1, (select i, sum(i) from smallt group by i) as t2
where t1.i = t2.i;
 i | count | i | sum 
---+-------+---+-----
 1 |    10 | 1 |  10
 3 |    10 | 3 |  30
 5 |    10 | 5 |  50
 7 |    10 | 7 |  70
 9 |    10 | 9 |  90
 0 |    10 | 0 |   0
 2 |    10 | 2 |  20
 4 |    10 | 4 |  40
 6 |    10 | 6 |  60
 8 |    10 | 8 |  80
(10 rows)

explain analyze select t1.*, t2.* from
(select i, count(*) from smallt group by i) as t1, (select i, sum(i) from smallt group by i) as t2
where t1.i = t2.i;
                                                                            QUERY PLAN                                                                            
------------------------------------------------------------------------------------------------------------------------------------------------------------------
 Gather Motion 2:1  (slice1; segments: 2)  (cost=0.00..862.01 rows=10 width=24)
   Rows out:  10 rows at destination with 2.561 ms to first row, 3.151 ms to end, start offset by 0.619 ms.
   ->  Hash Join  (cost=0.00..862.01 rows=5 width=24)
         Hash Cond: public.smallt.i = public.smallt.i
         Rows out:  Avg 5.0 rows x 2 workers.  Max 5 rows (seg0) with 0.901 ms to first row, 1.808 ms to end, start offset by 1.206 ms.
         Executor memory:  1K bytes avg, 1K bytes max (seg0).
         Work_mem used:  1K bytes avg, 1K bytes max (seg0). Workfile: (0 spilling, 0 reused)
         (seg0)   Hash chain length 1.0 avg, 1 max, using 5 of 262151 buckets.
         ->  GroupAggregate  (cost=0.00..431.01 rows=5 width=12)
               Group By: public.smallt.i
               Rows out:  Avg 5.0 rows x 2 workers.  Max 5 rows (seg0) with 0.144 ms to first row, 0.174 ms to end, start offset by 1.960 ms.
               ->  Sort  (cost=0.00..431.01 rows=50 width=4)
                     Sort Key: public.smallt.i
                     Rows out:  Avg 50.0 rows x 2 workers.  Max 50 rows (seg0) with 0.094 ms to first row, 0.107 ms to end, start offset by 2.001 ms.
                     Executor memory:  29K bytes avg, 29K bytes max (seg0).
                     Work_mem used:  29K bytes avg, 29K bytes max (seg0). Workfile: (0 spilling, 0 reused)
                     ->  Table Scan on smallt  (cost=0.00..431.00 rows=50 width=4)
                           Rows out:  Avg 50.0 rows x 2 workers.  Max 50 rows (seg0) with 0.020 ms to first row, 0.037 ms to end, start offset by 2.028 ms.
         ->  Hash  (cost=431.01..431.01 rows=5 width=12)
               Rows in:  Avg 5.0 rows x 2 workers.  Max 5 rows (seg0) with 0.254 ms to end, start offset by 1.706 ms.
               ->  GroupAggregate  (cost=0.00..431.01 rows=5 width=12)
                     Group By: public.smallt.i
                     Rows out:  Avg 5.0 rows x 2 workers.  Max 5 rows (seg0) with 0.202 ms to first row, 0.236 ms to end, start offset by 1.707 ms.
                     ->  Sort  (cost=0.00..431.01 rows=50 width=4)
                           Sort Key: public.smallt.i
                           Rows out:  Avg 50.0 rows x 2 workers.  Max 50 rows (seg0) with 0.157 ms to first row, 0.170 ms to end, start offset by 1.737 ms.
                           Executor memory:  29K bytes avg, 29K bytes max (seg0).
                           Work_mem used:  29K bytes avg, 29K bytes max (seg0). Workfile: (0 spilling, 0 reused)
                           ->  Table Scan on smallt  (cost=0.00..431.00 rows=50 width=4)
                                 Rows out:  Avg 50.0 rows x 2 workers.  Max 50 rows (seg0) with 0.054 ms to first row, 0.072 ms to end, start offset by 1.782 ms.
 Slice statistics:
   (slice0)    Executor memory: 159K bytes.
   (slice1)    Executor memory: 3275K bytes avg x 2 workers, 3275K bytes max (seg0).  Work_mem: 29K bytes max.
 Statement statistics:
   Memory used: 128000K bytes
 Settings:  enable_hashjoin=off; enable_nestloop=on; gp_enable_agg_distinct=on; optimizer=on; optimizer_segments=3
 Total runtime: 4.283 ms
(37 rows)

set enable_nestloop=off;
set enable_hashjoin=on;
-- Limit on Agg
select d, count(*) from smallt group by d limit 5; --ignore
     d      | count 
------------+-------
 01-12-2011 |     5
 01-08-2011 |     5
 01-10-2011 |     5
 01-14-2011 |     5
 01-20-2011 |     5
(5 rows)

explain analyze select d, count(*) from smallt group by d limit 5;
                                                                                   QUERY PLAN                                                                                    
---------------------------------------------------------------------------------------------------------------------------------------------------------------------------------
 Limit  (cost=0.00..431.01 rows=3 width=12)
   Rows out:  5 rows with 22 ms to end, start offset by 0.596 ms.
   ->  Gather Motion 2:1  (slice2; segments: 2)  (cost=0.00..431.01 rows=5 width=12)
         Rows out:  5 rows at destination with 22 ms to end, start offset by 0.607 ms.
         ->  Limit  (cost=0.00..431.01 rows=3 width=12)
               Rows out:  Avg 5.0 rows x 2 workers.  Max 5 rows (seg0) with 20 ms to first row, 22 ms to end, start offset by 1.369 ms.
               ->  HashAggregate  (cost=0.00..431.01 rows=10 width=12)
                     Group By: d
                     Rows out:  Avg 5.0 rows x 2 workers.  Max 5 rows (seg0) with 20 ms to first row, 22 ms to end, start offset by 1.377 ms.
                     Executor memory:  6233K bytes avg, 6233K bytes max (seg0).
                     ->  Redistribute Motion 2:2  (slice1; segments: 2)  (cost=0.00..431.01 rows=10 width=12)
                           Hash Key: d
                           Rows out:  Avg 10.0 rows x 2 workers at destination.  Max 10 rows (seg0) with 7.371 ms to first row, 16 ms to end, start offset by 4.297 ms.
                           ->  Result  (cost=0.00..431.01 rows=10 width=12)
                                 Rows out:  Avg 10.0 rows x 2 workers.  Max 10 rows (seg0) with 2.994 ms to first row, 3.039 ms to end, start offset by 17 ms.
                                 ->  GroupAggregate  (cost=0.00..431.01 rows=10 width=12)
                                       Group By: d
                                       Rows out:  Avg 10.0 rows x 2 workers.  Max 10 rows (seg0) with 2.986 ms to first row, 3.026 ms to end, start offset by 17 ms.
                                       ->  Sort  (cost=0.00..431.01 rows=50 width=4)
                                             Sort Key: d
                                             Rows out:  Avg 50.0 rows x 2 workers.  Max 50 rows (seg0) with 2.969 ms to first row, 2.983 ms to end, start offset by 17 ms.
                                             Executor memory:  29K bytes avg, 29K bytes max (seg0).
                                             Work_mem used:  29K bytes avg, 29K bytes max (seg0). Workfile: (0 spilling, 0 reused)
                                             ->  Table Scan on smallt  (cost=0.00..431.00 rows=50 width=4)
                                                   Rows out:  Avg 50.0 rows x 2 workers.  Max 50 rows (seg0) with 2.862 ms to first row, 2.883 ms to end, start offset by 17 ms.
 Slice statistics:
   (slice0)    Executor memory: 159K bytes.
   (slice1)    Executor memory: 195K bytes avg x 2 workers, 195K bytes max (seg0).  Work_mem: 29K bytes max.
   (slice2)    Executor memory: 6401K bytes avg x 2 workers, 6403K bytes max (seg1).
 Statement statistics:
   Memory used: 128000K bytes
 Settings:  enable_hashjoin=on; enable_nestloop=off; gp_enable_agg_distinct=on; optimizer=on; optimizer_segments=3
 Total runtime: 25.585 ms
(33 rows)

-- HashJoin
select t1.* from smallt as t1, smallt as t2 where t1.i = t2.i;
 i |    t    |     d      
---+---------+------------
 0 | text 0  | 01-01-2011
 0 | text 0  | 01-01-2011
 0 | text 0  | 01-01-2011
 0 | text 0  | 01-01-2011
 0 | text 0  | 01-01-2011
 0 | text 0  | 01-01-2011
 0 | text 0  | 01-01-2011
 0 | text 0  | 01-01-2011
 0 | text 0  | 01-01-2011
 0 | text 0  | 01-01-2011
 2 | text 2  | 01-03-2011
 2 | text 2  | 01-03-2011
 2 | text 2  | 01-03-2011
 2 | text 2  | 01-03-2011
 2 | text 2  | 01-03-2011
 2 | text 2  | 01-03-2011
 2 | text 2  | 01-03-2011
 2 | text 2  | 01-03-2011
 2 | text 2  | 01-03-2011
 2 | text 2  | 01-03-2011
 4 | text 4  | 01-05-2011
 4 | text 4  | 01-05-2011
 4 | text 4  | 01-05-2011
 4 | text 4  | 01-05-2011
 4 | text 4  | 01-05-2011
 4 | text 4  | 01-05-2011
 4 | text 4  | 01-05-2011
 4 | text 4  | 01-05-2011
 4 | text 4  | 01-05-2011
 4 | text 4  | 01-05-2011
 6 | text 6  | 01-07-2011
 6 | text 6  | 01-07-2011
 6 | text 6  | 01-07-2011
 6 | text 6  | 01-07-2011
 6 | text 6  | 01-07-2011
 6 | text 6  | 01-07-2011
 6 | text 6  | 01-07-2011
 6 | text 6  | 01-07-2011
 6 | text 6  | 01-07-2011
 6 | text 6  | 01-07-2011
 8 | text 8  | 01-09-2011
 8 | text 8  | 01-09-2011
 8 | text 8  | 01-09-2011
 8 | text 8  | 01-09-2011
 8 | text 8  | 01-09-2011
 8 | text 8  | 01-09-2011
 8 | text 8  | 01-09-2011
 8 | text 8  | 01-09-2011
 8 | text 8  | 01-09-2011
 8 | text 8  | 01-09-2011
 0 | text 10 | 01-11-2011
 0 | text 10 | 01-11-2011
 0 | text 10 | 01-11-2011
 0 | text 10 | 01-11-2011
 0 | text 10 | 01-11-2011
 0 | text 10 | 01-11-2011
 0 | text 10 | 01-11-2011
 0 | text 10 | 01-11-2011
 0 | text 10 | 01-11-2011
 0 | text 10 | 01-11-2011
 2 | text 12 | 01-13-2011
 2 | text 12 | 01-13-2011
 2 | text 12 | 01-13-2011
 2 | text 12 | 01-13-2011
 2 | text 12 | 01-13-2011
 2 | text 12 | 01-13-2011
 2 | text 12 | 01-13-2011
 2 | text 12 | 01-13-2011
 2 | text 12 | 01-13-2011
 2 | text 12 | 01-13-2011
 4 | text 14 | 01-15-2011
 4 | text 14 | 01-15-2011
 4 | text 14 | 01-15-2011
 4 | text 14 | 01-15-2011
 4 | text 14 | 01-15-2011
 4 | text 14 | 01-15-2011
 4 | text 14 | 01-15-2011
 4 | text 14 | 01-15-2011
 4 | text 14 | 01-15-2011
 4 | text 14 | 01-15-2011
 6 | text 1  | 01-17-2011
 6 | text 1  | 01-17-2011
 6 | text 1  | 01-17-2011
 6 | text 1  | 01-17-2011
 6 | text 1  | 01-17-2011
 6 | text 1  | 01-17-2011
 6 | text 1  | 01-17-2011
 6 | text 1  | 01-17-2011
 6 | text 1  | 01-17-2011
 6 | text 1  | 01-17-2011
 8 | text 3  | 01-19-2011
 8 | text 3  | 01-19-2011
 8 | text 3  | 01-19-2011
 8 | text 3  | 01-19-2011
 8 | text 3  | 01-19-2011
 8 | text 3  | 01-19-2011
 8 | text 3  | 01-19-2011
 8 | text 3  | 01-19-2011
 8 | text 3  | 01-19-2011
 8 | text 3  | 01-19-2011
 0 | text 5  | 01-01-2011
 0 | text 5  | 01-01-2011
 0 | text 5  | 01-01-2011
 0 | text 5  | 01-01-2011
 0 | text 5  | 01-01-2011
 0 | text 5  | 01-01-2011
 0 | text 5  | 01-01-2011
 0 | text 5  | 01-01-2011
 0 | text 5  | 01-01-2011
 0 | text 5  | 01-01-2011
 2 | text 7  | 01-03-2011
 2 | text 7  | 01-03-2011
 2 | text 7  | 01-03-2011
 2 | text 7  | 01-03-2011
 2 | text 7  | 01-03-2011
 2 | text 7  | 01-03-2011
 2 | text 7  | 01-03-2011
 2 | text 7  | 01-03-2011
 2 | text 7  | 01-03-2011
 2 | text 7  | 01-03-2011
 4 | text 9  | 01-05-2011
 4 | text 9  | 01-05-2011
 4 | text 9  | 01-05-2011
 4 | text 9  | 01-05-2011
 4 | text 9  | 01-05-2011
 4 | text 9  | 01-05-2011
 4 | text 9  | 01-05-2011
 4 | text 9  | 01-05-2011
 4 | text 9  | 01-05-2011
 4 | text 9  | 01-05-2011
 6 | text 11 | 01-07-2011
 6 | text 11 | 01-07-2011
 6 | text 11 | 01-07-2011
 6 | text 11 | 01-07-2011
 6 | text 11 | 01-07-2011
 6 | text 11 | 01-07-2011
 6 | text 11 | 01-07-2011
 6 | text 11 | 01-07-2011
 6 | text 11 | 01-07-2011
 6 | text 11 | 01-07-2011
 8 | text 13 | 01-09-2011
 8 | text 13 | 01-09-2011
 8 | text 13 | 01-09-2011
 8 | text 13 | 01-09-2011
 8 | text 13 | 01-09-2011
 8 | text 13 | 01-09-2011
 8 | text 13 | 01-09-2011
 8 | text 13 | 01-09-2011
 8 | text 13 | 01-09-2011
 8 | text 13 | 01-09-2011
 0 | text 0  | 01-11-2011
 0 | text 0  | 01-11-2011
 0 | text 0  | 01-11-2011
 0 | text 0  | 01-11-2011
 0 | text 0  | 01-11-2011
 0 | text 0  | 01-11-2011
 0 | text 0  | 01-11-2011
 0 | text 0  | 01-11-2011
 0 | text 0  | 01-11-2011
 0 | text 0  | 01-11-2011
 2 | text 2  | 01-13-2011
 2 | text 2  | 01-13-2011
 2 | text 2  | 01-13-2011
 2 | text 2  | 01-13-2011
 2 | text 2  | 01-13-2011
 2 | text 2  | 01-13-2011
 2 | text 2  | 01-13-2011
 2 | text 2  | 01-13-2011
 2 | text 2  | 01-13-2011
 2 | text 2  | 01-13-2011
 4 | text 4  | 01-15-2011
 4 | text 4  | 01-15-2011
 4 | text 4  | 01-15-2011
 4 | text 4  | 01-15-2011
 4 | text 4  | 01-15-2011
 4 | text 4  | 01-15-2011
 4 | text 4  | 01-15-2011
 4 | text 4  | 01-15-2011
 4 | text 4  | 01-15-2011
 4 | text 4  | 01-15-2011
 6 | text 6  | 01-17-2011
 6 | text 6  | 01-17-2011
 6 | text 6  | 01-17-2011
 6 | text 6  | 01-17-2011
 6 | text 6  | 01-17-2011
 6 | text 6  | 01-17-2011
 6 | text 6  | 01-17-2011
 6 | text 6  | 01-17-2011
 6 | text 6  | 01-17-2011
 6 | text 6  | 01-17-2011
 8 | text 8  | 01-19-2011
 8 | text 8  | 01-19-2011
 8 | text 8  | 01-19-2011
 8 | text 8  | 01-19-2011
 8 | text 8  | 01-19-2011
 8 | text 8  | 01-19-2011
 8 | text 8  | 01-19-2011
 8 | text 8  | 01-19-2011
 8 | text 8  | 01-19-2011
 8 | text 8  | 01-19-2011
 0 | text 10 | 01-01-2011
 0 | text 10 | 01-01-2011
 0 | text 10 | 01-01-2011
 0 | text 10 | 01-01-2011
 0 | text 10 | 01-01-2011
 0 | text 10 | 01-01-2011
 0 | text 10 | 01-01-2011
 0 | text 10 | 01-01-2011
 0 | text 10 | 01-01-2011
 0 | text 10 | 01-01-2011
 2 | text 12 | 01-03-2011
 2 | text 12 | 01-03-2011
 2 | text 12 | 01-03-2011
 2 | text 12 | 01-03-2011
 2 | text 12 | 01-03-2011
 2 | text 12 | 01-03-2011
 2 | text 12 | 01-03-2011
 2 | text 12 | 01-03-2011
 2 | text 12 | 01-03-2011
 2 | text 12 | 01-03-2011
 4 | text 14 | 01-05-2011
 4 | text 14 | 01-05-2011
 4 | text 14 | 01-05-2011
 4 | text 14 | 01-05-2011
 4 | text 14 | 01-05-2011
 4 | text 14 | 01-05-2011
 4 | text 14 | 01-05-2011
 4 | text 14 | 01-05-2011
 4 | text 14 | 01-05-2011
 4 | text 14 | 01-05-2011
 6 | text 1  | 01-07-2011
 6 | text 1  | 01-07-2011
 6 | text 1  | 01-07-2011
 6 | text 1  | 01-07-2011
 6 | text 1  | 01-07-2011
 6 | text 1  | 01-07-2011
 6 | text 1  | 01-07-2011
 6 | text 1  | 01-07-2011
 6 | text 1  | 01-07-2011
 6 | text 1  | 01-07-2011
 8 | text 3  | 01-09-2011
 8 | text 3  | 01-09-2011
 8 | text 3  | 01-09-2011
 8 | text 3  | 01-09-2011
 8 | text 3  | 01-09-2011
 8 | text 3  | 01-09-2011
 8 | text 3  | 01-09-2011
 8 | text 3  | 01-09-2011
 8 | text 3  | 01-09-2011
 8 | text 3  | 01-09-2011
 0 | text 5  | 01-11-2011
 0 | text 5  | 01-11-2011
 0 | text 5  | 01-11-2011
 0 | text 5  | 01-11-2011
 0 | text 5  | 01-11-2011
 0 | text 5  | 01-11-2011
 0 | text 5  | 01-11-2011
 0 | text 5  | 01-11-2011
 0 | text 5  | 01-11-2011
 0 | text 5  | 01-11-2011
 2 | text 7  | 01-13-2011
 2 | text 7  | 01-13-2011
 2 | text 7  | 01-13-2011
 2 | text 7  | 01-13-2011
 2 | text 7  | 01-13-2011
 2 | text 7  | 01-13-2011
 2 | text 7  | 01-13-2011
 2 | text 7  | 01-13-2011
 2 | text 7  | 01-13-2011
 2 | text 7  | 01-13-2011
 4 | text 9  | 01-15-2011
 4 | text 9  | 01-15-2011
 4 | text 9  | 01-15-2011
 4 | text 9  | 01-15-2011
 4 | text 9  | 01-15-2011
 4 | text 9  | 01-15-2011
 4 | text 9  | 01-15-2011
 4 | text 9  | 01-15-2011
 4 | text 9  | 01-15-2011
 4 | text 9  | 01-15-2011
 6 | text 11 | 01-17-2011
 6 | text 11 | 01-17-2011
 6 | text 11 | 01-17-2011
 6 | text 11 | 01-17-2011
 6 | text 11 | 01-17-2011
 6 | text 11 | 01-17-2011
 6 | text 11 | 01-17-2011
 6 | text 11 | 01-17-2011
 6 | text 11 | 01-17-2011
 6 | text 11 | 01-17-2011
 1 | text 1  | 01-02-2011
 1 | text 1  | 01-02-2011
 1 | text 1  | 01-02-2011
 1 | text 1  | 01-02-2011
 1 | text 1  | 01-02-2011
 1 | text 1  | 01-02-2011
 1 | text 1  | 01-02-2011
 1 | text 1  | 01-02-2011
 1 | text 1  | 01-02-2011
 1 | text 1  | 01-02-2011
 3 | text 3  | 01-04-2011
 3 | text 3  | 01-04-2011
 3 | text 3  | 01-04-2011
 3 | text 3  | 01-04-2011
 3 | text 3  | 01-04-2011
 3 | text 3  | 01-04-2011
 3 | text 3  | 01-04-2011
 3 | text 3  | 01-04-2011
 3 | text 3  | 01-04-2011
 3 | text 3  | 01-04-2011
 5 | text 5  | 01-06-2011
 5 | text 5  | 01-06-2011
 5 | text 5  | 01-06-2011
 5 | text 5  | 01-06-2011
 5 | text 5  | 01-06-2011
 5 | text 5  | 01-06-2011
 5 | text 5  | 01-06-2011
 5 | text 5  | 01-06-2011
 5 | text 5  | 01-06-2011
 5 | text 5  | 01-06-2011
 7 | text 7  | 01-08-2011
 7 | text 7  | 01-08-2011
 7 | text 7  | 01-08-2011
 7 | text 7  | 01-08-2011
 7 | text 7  | 01-08-2011
 7 | text 7  | 01-08-2011
 7 | text 7  | 01-08-2011
 7 | text 7  | 01-08-2011
 7 | text 7  | 01-08-2011
 7 | text 7  | 01-08-2011
 9 | text 9  | 01-10-2011
 9 | text 9  | 01-10-2011
 9 | text 9  | 01-10-2011
 9 | text 9  | 01-10-2011
 9 | text 9  | 01-10-2011
 9 | text 9  | 01-10-2011
 9 | text 9  | 01-10-2011
 9 | text 9  | 01-10-2011
 9 | text 9  | 01-10-2011
 9 | text 9  | 01-10-2011
 1 | text 11 | 01-12-2011
 1 | text 11 | 01-12-2011
 1 | text 11 | 01-12-2011
 1 | text 11 | 01-12-2011
 1 | text 11 | 01-12-2011
 1 | text 11 | 01-12-2011
 1 | text 11 | 01-12-2011
 1 | text 11 | 01-12-2011
 1 | text 11 | 01-12-2011
 1 | text 11 | 01-12-2011
 3 | text 13 | 01-14-2011
 3 | text 13 | 01-14-2011
 3 | text 13 | 01-14-2011
 3 | text 13 | 01-14-2011
 3 | text 13 | 01-14-2011
 3 | text 13 | 01-14-2011
 3 | text 13 | 01-14-2011
 3 | text 13 | 01-14-2011
 3 | text 13 | 01-14-2011
 3 | text 13 | 01-14-2011
 5 | text 0  | 01-16-2011
 5 | text 0  | 01-16-2011
 5 | text 0  | 01-16-2011
 5 | text 0  | 01-16-2011
 5 | text 0  | 01-16-2011
 5 | text 0  | 01-16-2011
 5 | text 0  | 01-16-2011
 5 | text 0  | 01-16-2011
 5 | text 0  | 01-16-2011
 5 | text 0  | 01-16-2011
 7 | text 2  | 01-18-2011
 7 | text 2  | 01-18-2011
 7 | text 2  | 01-18-2011
 7 | text 2  | 01-18-2011
 7 | text 2  | 01-18-2011
 7 | text 2  | 01-18-2011
 7 | text 2  | 01-18-2011
 7 | text 2  | 01-18-2011
 7 | text 2  | 01-18-2011
 7 | text 2  | 01-18-2011
 9 | text 4  | 01-20-2011
 9 | text 4  | 01-20-2011
 9 | text 4  | 01-20-2011
 9 | text 4  | 01-20-2011
 9 | text 4  | 01-20-2011
 9 | text 4  | 01-20-2011
 9 | text 4  | 01-20-2011
 9 | text 4  | 01-20-2011
 9 | text 4  | 01-20-2011
 9 | text 4  | 01-20-2011
 1 | text 6  | 01-02-2011
 1 | text 6  | 01-02-2011
 1 | text 6  | 01-02-2011
 1 | text 6  | 01-02-2011
 1 | text 6  | 01-02-2011
 1 | text 6  | 01-02-2011
 1 | text 6  | 01-02-2011
 1 | text 6  | 01-02-2011
 1 | text 6  | 01-02-2011
 1 | text 6  | 01-02-2011
 3 | text 8  | 01-04-2011
 3 | text 8  | 01-04-2011
 3 | text 8  | 01-04-2011
 3 | text 8  | 01-04-2011
 3 | text 8  | 01-04-2011
 3 | text 8  | 01-04-2011
 3 | text 8  | 01-04-2011
 3 | text 8  | 01-04-2011
 3 | text 8  | 01-04-2011
 3 | text 8  | 01-04-2011
 5 | text 10 | 01-06-2011
 5 | text 10 | 01-06-2011
 5 | text 10 | 01-06-2011
 5 | text 10 | 01-06-2011
 5 | text 10 | 01-06-2011
 5 | text 10 | 01-06-2011
 5 | text 10 | 01-06-2011
 5 | text 10 | 01-06-2011
 5 | text 10 | 01-06-2011
 5 | text 10 | 01-06-2011
 7 | text 12 | 01-08-2011
 7 | text 12 | 01-08-2011
 7 | text 12 | 01-08-2011
 7 | text 12 | 01-08-2011
 7 | text 12 | 01-08-2011
 7 | text 12 | 01-08-2011
 7 | text 12 | 01-08-2011
 7 | text 12 | 01-08-2011
 7 | text 12 | 01-08-2011
 7 | text 12 | 01-08-2011
 9 | text 14 | 01-10-2011
 9 | text 14 | 01-10-2011
 9 | text 14 | 01-10-2011
 9 | text 14 | 01-10-2011
 9 | text 14 | 01-10-2011
 9 | text 14 | 01-10-2011
 9 | text 14 | 01-10-2011
 9 | text 14 | 01-10-2011
 9 | text 14 | 01-10-2011
 9 | text 14 | 01-10-2011
 1 | text 1  | 01-12-2011
 1 | text 1  | 01-12-2011
 1 | text 1  | 01-12-2011
 1 | text 1  | 01-12-2011
 1 | text 1  | 01-12-2011
 1 | text 1  | 01-12-2011
 1 | text 1  | 01-12-2011
 1 | text 1  | 01-12-2011
 1 | text 1  | 01-12-2011
 1 | text 1  | 01-12-2011
 3 | text 3  | 01-14-2011
 3 | text 3  | 01-14-2011
 3 | text 3  | 01-14-2011
 3 | text 3  | 01-14-2011
 3 | text 3  | 01-14-2011
 3 | text 3  | 01-14-2011
 3 | text 3  | 01-14-2011
 3 | text 3  | 01-14-2011
 3 | text 3  | 01-14-2011
 3 | text 3  | 01-14-2011
 5 | text 5  | 01-16-2011
 5 | text 5  | 01-16-2011
 5 | text 5  | 01-16-2011
 5 | text 5  | 01-16-2011
 5 | text 5  | 01-16-2011
 5 | text 5  | 01-16-2011
 5 | text 5  | 01-16-2011
 5 | text 5  | 01-16-2011
 5 | text 5  | 01-16-2011
 5 | text 5  | 01-16-2011
 7 | text 7  | 01-18-2011
 7 | text 7  | 01-18-2011
 7 | text 7  | 01-18-2011
 7 | text 7  | 01-18-2011
 7 | text 7  | 01-18-2011
 7 | text 7  | 01-18-2011
 7 | text 7  | 01-18-2011
 7 | text 7  | 01-18-2011
 7 | text 7  | 01-18-2011
 7 | text 7  | 01-18-2011
 9 | text 9  | 01-20-2011
 9 | text 9  | 01-20-2011
 9 | text 9  | 01-20-2011
 9 | text 9  | 01-20-2011
 9 | text 9  | 01-20-2011
 9 | text 9  | 01-20-2011
 9 | text 9  | 01-20-2011
 9 | text 9  | 01-20-2011
 9 | text 9  | 01-20-2011
 9 | text 9  | 01-20-2011
 1 | text 11 | 01-02-2011
 1 | text 11 | 01-02-2011
 1 | text 11 | 01-02-2011
 1 | text 11 | 01-02-2011
 1 | text 11 | 01-02-2011
 1 | text 11 | 01-02-2011
 1 | text 11 | 01-02-2011
 1 | text 11 | 01-02-2011
 1 | text 11 | 01-02-2011
 1 | text 11 | 01-02-2011
 3 | text 13 | 01-04-2011
 3 | text 13 | 01-04-2011
 3 | text 13 | 01-04-2011
 3 | text 13 | 01-04-2011
 3 | text 13 | 01-04-2011
 3 | text 13 | 01-04-2011
 3 | text 13 | 01-04-2011
 3 | text 13 | 01-04-2011
 3 | text 13 | 01-04-2011
 3 | text 13 | 01-04-2011
 5 | text 0  | 01-06-2011
 5 | text 0  | 01-06-2011
 5 | text 0  | 01-06-2011
 5 | text 0  | 01-06-2011
 5 | text 0  | 01-06-2011
 5 | text 0  | 01-06-2011
 5 | text 0  | 01-06-2011
 5 | text 0  | 01-06-2011
 5 | text 0  | 01-06-2011
 5 | text 0  | 01-06-2011
 7 | text 2  | 01-08-2011
 7 | text 2  | 01-08-2011
 7 | text 2  | 01-08-2011
 7 | text 2  | 01-08-2011
 7 | text 2  | 01-08-2011
 7 | text 2  | 01-08-2011
 7 | text 2  | 01-08-2011
 7 | text 2  | 01-08-2011
 7 | text 2  | 01-08-2011
 7 | text 2  | 01-08-2011
 9 | text 4  | 01-10-2011
 9 | text 4  | 01-10-2011
 9 | text 4  | 01-10-2011
 9 | text 4  | 01-10-2011
 9 | text 4  | 01-10-2011
 9 | text 4  | 01-10-2011
 9 | text 4  | 01-10-2011
 9 | text 4  | 01-10-2011
 9 | text 4  | 01-10-2011
 9 | text 4  | 01-10-2011
 1 | text 6  | 01-12-2011
 1 | text 6  | 01-12-2011
 1 | text 6  | 01-12-2011
 1 | text 6  | 01-12-2011
 1 | text 6  | 01-12-2011
 1 | text 6  | 01-12-2011
 1 | text 6  | 01-12-2011
 1 | text 6  | 01-12-2011
 1 | text 6  | 01-12-2011
 1 | text 6  | 01-12-2011
 3 | text 8  | 01-14-2011
 3 | text 8  | 01-14-2011
 3 | text 8  | 01-14-2011
 3 | text 8  | 01-14-2011
 3 | text 8  | 01-14-2011
 3 | text 8  | 01-14-2011
 3 | text 8  | 01-14-2011
 3 | text 8  | 01-14-2011
 3 | text 8  | 01-14-2011
 3 | text 8  | 01-14-2011
 5 | text 10 | 01-16-2011
 5 | text 10 | 01-16-2011
 5 | text 10 | 01-16-2011
 5 | text 10 | 01-16-2011
 5 | text 10 | 01-16-2011
 5 | text 10 | 01-16-2011
 5 | text 10 | 01-16-2011
 5 | text 10 | 01-16-2011
 5 | text 10 | 01-16-2011
 5 | text 10 | 01-16-2011
 7 | text 12 | 01-18-2011
 7 | text 12 | 01-18-2011
 7 | text 12 | 01-18-2011
 7 | text 12 | 01-18-2011
 7 | text 12 | 01-18-2011
 7 | text 12 | 01-18-2011
 7 | text 12 | 01-18-2011
 7 | text 12 | 01-18-2011
 7 | text 12 | 01-18-2011
 7 | text 12 | 01-18-2011
 8 | text 13 | 01-19-2011
 8 | text 13 | 01-19-2011
 8 | text 13 | 01-19-2011
 8 | text 13 | 01-19-2011
 8 | text 13 | 01-19-2011
 8 | text 13 | 01-19-2011
 8 | text 13 | 01-19-2011
 8 | text 13 | 01-19-2011
 8 | text 13 | 01-19-2011
 8 | text 13 | 01-19-2011
 0 | text 0  | 01-01-2011
 0 | text 0  | 01-01-2011
 0 | text 0  | 01-01-2011
 0 | text 0  | 01-01-2011
 0 | text 0  | 01-01-2011
 0 | text 0  | 01-01-2011
 0 | text 0  | 01-01-2011
 0 | text 0  | 01-01-2011
 0 | text 0  | 01-01-2011
 0 | text 0  | 01-01-2011
 2 | text 2  | 01-03-2011
 2 | text 2  | 01-03-2011
 2 | text 2  | 01-03-2011
 2 | text 2  | 01-03-2011
 2 | text 2  | 01-03-2011
 2 | text 2  | 01-03-2011
 2 | text 2  | 01-03-2011
 2 | text 2  | 01-03-2011
 2 | text 2  | 01-03-2011
 2 | text 2  | 01-03-2011
 4 | text 4  | 01-05-2011
 4 | text 4  | 01-05-2011
 4 | text 4  | 01-05-2011
 4 | text 4  | 01-05-2011
 4 | text 4  | 01-05-2011
 4 | text 4  | 01-05-2011
 4 | text 4  | 01-05-2011
 4 | text 4  | 01-05-2011
 4 | text 4  | 01-05-2011
 4 | text 4  | 01-05-2011
 6 | text 6  | 01-07-2011
 6 | text 6  | 01-07-2011
 6 | text 6  | 01-07-2011
 6 | text 6  | 01-07-2011
 6 | text 6  | 01-07-2011
 6 | text 6  | 01-07-2011
 6 | text 6  | 01-07-2011
 6 | text 6  | 01-07-2011
 6 | text 6  | 01-07-2011
 6 | text 6  | 01-07-2011
 8 | text 8  | 01-09-2011
 8 | text 8  | 01-09-2011
 8 | text 8  | 01-09-2011
 8 | text 8  | 01-09-2011
 8 | text 8  | 01-09-2011
 8 | text 8  | 01-09-2011
 8 | text 8  | 01-09-2011
 8 | text 8  | 01-09-2011
 8 | text 8  | 01-09-2011
 8 | text 8  | 01-09-2011
 0 | text 10 | 01-11-2011
 0 | text 10 | 01-11-2011
 0 | text 10 | 01-11-2011
 0 | text 10 | 01-11-2011
 0 | text 10 | 01-11-2011
 0 | text 10 | 01-11-2011
 0 | text 10 | 01-11-2011
 0 | text 10 | 01-11-2011
 0 | text 10 | 01-11-2011
 0 | text 10 | 01-11-2011
 2 | text 12 | 01-13-2011
 2 | text 12 | 01-13-2011
 2 | text 12 | 01-13-2011
 2 | text 12 | 01-13-2011
 2 | text 12 | 01-13-2011
 2 | text 12 | 01-13-2011
 2 | text 12 | 01-13-2011
 2 | text 12 | 01-13-2011
 2 | text 12 | 01-13-2011
 2 | text 12 | 01-13-2011
 4 | text 14 | 01-15-2011
 4 | text 14 | 01-15-2011
 4 | text 14 | 01-15-2011
 4 | text 14 | 01-15-2011
 4 | text 14 | 01-15-2011
 4 | text 14 | 01-15-2011
 4 | text 14 | 01-15-2011
 4 | text 14 | 01-15-2011
 4 | text 14 | 01-15-2011
 4 | text 14 | 01-15-2011
 6 | text 1  | 01-17-2011
 6 | text 1  | 01-17-2011
 6 | text 1  | 01-17-2011
 6 | text 1  | 01-17-2011
 6 | text 1  | 01-17-2011
 6 | text 1  | 01-17-2011
 6 | text 1  | 01-17-2011
 6 | text 1  | 01-17-2011
 6 | text 1  | 01-17-2011
 6 | text 1  | 01-17-2011
 8 | text 3  | 01-19-2011
 8 | text 3  | 01-19-2011
 8 | text 3  | 01-19-2011
 8 | text 3  | 01-19-2011
 8 | text 3  | 01-19-2011
 8 | text 3  | 01-19-2011
 8 | text 3  | 01-19-2011
 8 | text 3  | 01-19-2011
 8 | text 3  | 01-19-2011
 8 | text 3  | 01-19-2011
 0 | text 5  | 01-01-2011
 0 | text 5  | 01-01-2011
 0 | text 5  | 01-01-2011
 0 | text 5  | 01-01-2011
 0 | text 5  | 01-01-2011
 0 | text 5  | 01-01-2011
 0 | text 5  | 01-01-2011
 0 | text 5  | 01-01-2011
 0 | text 5  | 01-01-2011
 0 | text 5  | 01-01-2011
 2 | text 7  | 01-03-2011
 2 | text 7  | 01-03-2011
 2 | text 7  | 01-03-2011
 2 | text 7  | 01-03-2011
 2 | text 7  | 01-03-2011
 2 | text 7  | 01-03-2011
 2 | text 7  | 01-03-2011
 2 | text 7  | 01-03-2011
 2 | text 7  | 01-03-2011
 2 | text 7  | 01-03-2011
 4 | text 9  | 01-05-2011
 4 | text 9  | 01-05-2011
 4 | text 9  | 01-05-2011
 4 | text 9  | 01-05-2011
 4 | text 9  | 01-05-2011
 4 | text 9  | 01-05-2011
 4 | text 9  | 01-05-2011
 4 | text 9  | 01-05-2011
 4 | text 9  | 01-05-2011
 4 | text 9  | 01-05-2011
 6 | text 11 | 01-07-2011
 6 | text 11 | 01-07-2011
 6 | text 11 | 01-07-2011
 6 | text 11 | 01-07-2011
 6 | text 11 | 01-07-2011
 6 | text 11 | 01-07-2011
 6 | text 11 | 01-07-2011
 6 | text 11 | 01-07-2011
 6 | text 11 | 01-07-2011
 6 | text 11 | 01-07-2011
 8 | text 13 | 01-09-2011
 8 | text 13 | 01-09-2011
 8 | text 13 | 01-09-2011
 8 | text 13 | 01-09-2011
 8 | text 13 | 01-09-2011
 8 | text 13 | 01-09-2011
 8 | text 13 | 01-09-2011
 8 | text 13 | 01-09-2011
 8 | text 13 | 01-09-2011
 8 | text 13 | 01-09-2011
 0 | text 0  | 01-11-2011
 0 | text 0  | 01-11-2011
 0 | text 0  | 01-11-2011
 0 | text 0  | 01-11-2011
 0 | text 0  | 01-11-2011
 0 | text 0  | 01-11-2011
 0 | text 0  | 01-11-2011
 0 | text 0  | 01-11-2011
 0 | text 0  | 01-11-2011
 0 | text 0  | 01-11-2011
 2 | text 2  | 01-13-2011
 2 | text 2  | 01-13-2011
 2 | text 2  | 01-13-2011
 2 | text 2  | 01-13-2011
 2 | text 2  | 01-13-2011
 2 | text 2  | 01-13-2011
 2 | text 2  | 01-13-2011
 2 | text 2  | 01-13-2011
 2 | text 2  | 01-13-2011
 2 | text 2  | 01-13-2011
 4 | text 4  | 01-15-2011
 4 | text 4  | 01-15-2011
 4 | text 4  | 01-15-2011
 4 | text 4  | 01-15-2011
 4 | text 4  | 01-15-2011
 4 | text 4  | 01-15-2011
 4 | text 4  | 01-15-2011
 4 | text 4  | 01-15-2011
 4 | text 4  | 01-15-2011
 4 | text 4  | 01-15-2011
 6 | text 6  | 01-17-2011
 6 | text 6  | 01-17-2011
 6 | text 6  | 01-17-2011
 6 | text 6  | 01-17-2011
 6 | text 6  | 01-17-2011
 6 | text 6  | 01-17-2011
 6 | text 6  | 01-17-2011
 6 | text 6  | 01-17-2011
 6 | text 6  | 01-17-2011
 6 | text 6  | 01-17-2011
 8 | text 8  | 01-19-2011
 8 | text 8  | 01-19-2011
 8 | text 8  | 01-19-2011
 8 | text 8  | 01-19-2011
 8 | text 8  | 01-19-2011
 8 | text 8  | 01-19-2011
 8 | text 8  | 01-19-2011
 8 | text 8  | 01-19-2011
 8 | text 8  | 01-19-2011
 8 | text 8  | 01-19-2011
 9 | text 14 | 01-20-2011
 9 | text 14 | 01-20-2011
 9 | text 14 | 01-20-2011
 9 | text 14 | 01-20-2011
 9 | text 14 | 01-20-2011
 9 | text 14 | 01-20-2011
 9 | text 14 | 01-20-2011
 9 | text 14 | 01-20-2011
 9 | text 14 | 01-20-2011
 9 | text 14 | 01-20-2011
 1 | text 1  | 01-02-2011
 1 | text 1  | 01-02-2011
 1 | text 1  | 01-02-2011
 1 | text 1  | 01-02-2011
 1 | text 1  | 01-02-2011
 1 | text 1  | 01-02-2011
 1 | text 1  | 01-02-2011
 1 | text 1  | 01-02-2011
 1 | text 1  | 01-02-2011
 1 | text 1  | 01-02-2011
 3 | text 3  | 01-04-2011
 3 | text 3  | 01-04-2011
 3 | text 3  | 01-04-2011
 3 | text 3  | 01-04-2011
 3 | text 3  | 01-04-2011
 3 | text 3  | 01-04-2011
 3 | text 3  | 01-04-2011
 3 | text 3  | 01-04-2011
 3 | text 3  | 01-04-2011
 3 | text 3  | 01-04-2011
 5 | text 5  | 01-06-2011
 5 | text 5  | 01-06-2011
 5 | text 5  | 01-06-2011
 5 | text 5  | 01-06-2011
 5 | text 5  | 01-06-2011
 5 | text 5  | 01-06-2011
 5 | text 5  | 01-06-2011
 5 | text 5  | 01-06-2011
 5 | text 5  | 01-06-2011
 5 | text 5  | 01-06-2011
 7 | text 7  | 01-08-2011
 7 | text 7  | 01-08-2011
 7 | text 7  | 01-08-2011
 7 | text 7  | 01-08-2011
 7 | text 7  | 01-08-2011
 7 | text 7  | 01-08-2011
 7 | text 7  | 01-08-2011
 7 | text 7  | 01-08-2011
 7 | text 7  | 01-08-2011
 7 | text 7  | 01-08-2011
 9 | text 9  | 01-10-2011
 9 | text 9  | 01-10-2011
 9 | text 9  | 01-10-2011
 9 | text 9  | 01-10-2011
 9 | text 9  | 01-10-2011
 9 | text 9  | 01-10-2011
 9 | text 9  | 01-10-2011
 9 | text 9  | 01-10-2011
 9 | text 9  | 01-10-2011
 9 | text 9  | 01-10-2011
 1 | text 11 | 01-12-2011
 1 | text 11 | 01-12-2011
 1 | text 11 | 01-12-2011
 1 | text 11 | 01-12-2011
 1 | text 11 | 01-12-2011
 1 | text 11 | 01-12-2011
 1 | text 11 | 01-12-2011
 1 | text 11 | 01-12-2011
 1 | text 11 | 01-12-2011
 1 | text 11 | 01-12-2011
 3 | text 13 | 01-14-2011
 3 | text 13 | 01-14-2011
 3 | text 13 | 01-14-2011
 3 | text 13 | 01-14-2011
 3 | text 13 | 01-14-2011
 3 | text 13 | 01-14-2011
 3 | text 13 | 01-14-2011
 3 | text 13 | 01-14-2011
 3 | text 13 | 01-14-2011
 3 | text 13 | 01-14-2011
 5 | text 0  | 01-16-2011
 5 | text 0  | 01-16-2011
 5 | text 0  | 01-16-2011
 5 | text 0  | 01-16-2011
 5 | text 0  | 01-16-2011
 5 | text 0  | 01-16-2011
 5 | text 0  | 01-16-2011
 5 | text 0  | 01-16-2011
 5 | text 0  | 01-16-2011
 5 | text 0  | 01-16-2011
 7 | text 2  | 01-18-2011
 7 | text 2  | 01-18-2011
 7 | text 2  | 01-18-2011
 7 | text 2  | 01-18-2011
 7 | text 2  | 01-18-2011
 7 | text 2  | 01-18-2011
 7 | text 2  | 01-18-2011
 7 | text 2  | 01-18-2011
 7 | text 2  | 01-18-2011
 7 | text 2  | 01-18-2011
 9 | text 4  | 01-20-2011
 9 | text 4  | 01-20-2011
 9 | text 4  | 01-20-2011
 9 | text 4  | 01-20-2011
 9 | text 4  | 01-20-2011
 9 | text 4  | 01-20-2011
 9 | text 4  | 01-20-2011
 9 | text 4  | 01-20-2011
 9 | text 4  | 01-20-2011
 9 | text 4  | 01-20-2011
 1 | text 6  | 01-02-2011
 1 | text 6  | 01-02-2011
 1 | text 6  | 01-02-2011
 1 | text 6  | 01-02-2011
 1 | text 6  | 01-02-2011
 1 | text 6  | 01-02-2011
 1 | text 6  | 01-02-2011
 1 | text 6  | 01-02-2011
 1 | text 6  | 01-02-2011
 1 | text 6  | 01-02-2011
 3 | text 8  | 01-04-2011
 3 | text 8  | 01-04-2011
 3 | text 8  | 01-04-2011
 3 | text 8  | 01-04-2011
 3 | text 8  | 01-04-2011
 3 | text 8  | 01-04-2011
 3 | text 8  | 01-04-2011
 3 | text 8  | 01-04-2011
 3 | text 8  | 01-04-2011
 3 | text 8  | 01-04-2011
 5 | text 10 | 01-06-2011
 5 | text 10 | 01-06-2011
 5 | text 10 | 01-06-2011
 5 | text 10 | 01-06-2011
 5 | text 10 | 01-06-2011
 5 | text 10 | 01-06-2011
 5 | text 10 | 01-06-2011
 5 | text 10 | 01-06-2011
 5 | text 10 | 01-06-2011
 5 | text 10 | 01-06-2011
 7 | text 12 | 01-08-2011
 7 | text 12 | 01-08-2011
 7 | text 12 | 01-08-2011
 7 | text 12 | 01-08-2011
 7 | text 12 | 01-08-2011
 7 | text 12 | 01-08-2011
 7 | text 12 | 01-08-2011
 7 | text 12 | 01-08-2011
 7 | text 12 | 01-08-2011
 7 | text 12 | 01-08-2011
 9 | text 14 | 01-10-2011
 9 | text 14 | 01-10-2011
 9 | text 14 | 01-10-2011
 9 | text 14 | 01-10-2011
 9 | text 14 | 01-10-2011
 9 | text 14 | 01-10-2011
 9 | text 14 | 01-10-2011
 9 | text 14 | 01-10-2011
 9 | text 14 | 01-10-2011
 9 | text 14 | 01-10-2011
 1 | text 1  | 01-12-2011
 1 | text 1  | 01-12-2011
 1 | text 1  | 01-12-2011
 1 | text 1  | 01-12-2011
 1 | text 1  | 01-12-2011
 1 | text 1  | 01-12-2011
 1 | text 1  | 01-12-2011
 1 | text 1  | 01-12-2011
 1 | text 1  | 01-12-2011
 1 | text 1  | 01-12-2011
 3 | text 3  | 01-14-2011
 3 | text 3  | 01-14-2011
 3 | text 3  | 01-14-2011
 3 | text 3  | 01-14-2011
 3 | text 3  | 01-14-2011
 3 | text 3  | 01-14-2011
 3 | text 3  | 01-14-2011
 3 | text 3  | 01-14-2011
 3 | text 3  | 01-14-2011
 3 | text 3  | 01-14-2011
 5 | text 5  | 01-16-2011
 5 | text 5  | 01-16-2011
 5 | text 5  | 01-16-2011
 5 | text 5  | 01-16-2011
 5 | text 5  | 01-16-2011
 5 | text 5  | 01-16-2011
 5 | text 5  | 01-16-2011
 5 | text 5  | 01-16-2011
 5 | text 5  | 01-16-2011
 5 | text 5  | 01-16-2011
 7 | text 7  | 01-18-2011
 7 | text 7  | 01-18-2011
 7 | text 7  | 01-18-2011
 7 | text 7  | 01-18-2011
 7 | text 7  | 01-18-2011
 7 | text 7  | 01-18-2011
 7 | text 7  | 01-18-2011
 7 | text 7  | 01-18-2011
 7 | text 7  | 01-18-2011
 7 | text 7  | 01-18-2011
 9 | text 9  | 01-20-2011
 9 | text 9  | 01-20-2011
 9 | text 9  | 01-20-2011
 9 | text 9  | 01-20-2011
 9 | text 9  | 01-20-2011
 9 | text 9  | 01-20-2011
 9 | text 9  | 01-20-2011
 9 | text 9  | 01-20-2011
 9 | text 9  | 01-20-2011
 9 | text 9  | 01-20-2011
(1000 rows)

explain analyze select t1.* from smallt as t1, smallt as t2 where t1.i = t2.i;
                                                                      QUERY PLAN                                                                      
------------------------------------------------------------------------------------------------------------------------------------------------------
 Hash Join  (cost=0.00..862.10 rows=500 width=15)
   Hash Cond: public.smallt.i = public.smallt.i
   Rows out:  1000 rows with 10 ms to first row, 23 ms to end, start offset by 0.485 ms.
   Executor memory:  2K bytes.
   Work_mem used:  2K bytes. Workfile: (0 spilling, 0 reused)
   Hash chain length 10.0 avg, 10 max, using 10 of 1048589 buckets.
   ->  Gather Motion 2:1  (slice1; segments: 2)  (cost=0.00..431.01 rows=100 width=15)
         Rows out:  100 rows at destination with 2.492 ms to first row, 10 ms to end, start offset by 8.074 ms.
         ->  Table Scan on smallt  (cost=0.00..431.00 rows=50 width=15)
               Rows out:  Avg 50.0 rows x 2 workers.  Max 50 rows (seg0) with 2.839 ms to first row, 2.852 ms to end, start offset by 16 ms.
   ->  Hash  (cost=431.00..431.00 rows=50 width=4)
         Rows in:  100 rows with 0.388 ms to end, start offset by 7.684 ms.
         ->  Gather Motion 2:1  (slice2; segments: 2)  (cost=0.00..431.00 rows=100 width=4)
               Rows out:  100 rows at destination with 0.131 ms to first row, 0.283 ms to end, start offset by 7.686 ms.
               ->  Table Scan on smallt  (cost=0.00..431.00 rows=50 width=4)
                     Rows out:  Avg 50.0 rows x 2 workers.  Max 50 rows (seg0) with 0.034 ms to first row, 0.068 ms to end, start offset by 1.121 ms.
 Slice statistics:
   (slice0)    Executor memory: 12483K bytes.  Work_mem: 2K bytes max.
   (slice1)    Executor memory: 183K bytes avg x 2 workers, 183K bytes max (seg0).
   (slice2)    Executor memory: 159K bytes avg x 2 workers, 159K bytes max (seg0).
 Statement statistics:
   Memory used: 128000K bytes
 Settings:  enable_hashjoin=on; enable_nestloop=off; gp_enable_agg_distinct=on; optimizer=on; optimizer_segments=2
 Total runtime: 23.419 ms
(24 rows)

-- Rescan on HashJoin
--select t1.* from (select t11.* from smallt as t11, smallt as t22 where t11.i = t22.i and t11.i < 2) as t1,
--   (select t11.* from smallt as t11, smallt as t22 where t11.d = t22.d and t11.i < 5) as t2;
-- Material in SubPlan
select smallt2.* from smallt2
where i < (select count(*) from smallt where smallt.i = smallt2.i);
 i |   t    |     d      
---+--------+------------
 1 | text 1 | 01-02-2011
 3 | text 3 | 01-04-2011
 1 | text 6 | 01-07-2011
 3 | text 8 | 01-09-2011
 1 | text 1 | 01-12-2011
 3 | text 3 | 01-14-2011
 1 | text 6 | 01-02-2011
 3 | text 8 | 01-04-2011
 1 | text 1 | 01-07-2011
 3 | text 3 | 01-09-2011
 1 | text 6 | 01-12-2011
 3 | text 8 | 01-14-2011
 1 | text 1 | 01-02-2011
 3 | text 3 | 01-04-2011
 1 | text 6 | 01-07-2011
 3 | text 8 | 01-09-2011
 1 | text 1 | 01-12-2011
 3 | text 3 | 01-14-2011
 1 | text 6 | 01-02-2011
 3 | text 8 | 01-04-2011
 0 | text 0 | 01-01-2011
 2 | text 2 | 01-03-2011
 4 | text 4 | 01-05-2011
 0 | text 5 | 01-06-2011
 2 | text 7 | 01-08-2011
 4 | text 9 | 01-10-2011
 0 | text 0 | 01-11-2011
 2 | text 2 | 01-13-2011
 4 | text 4 | 01-15-2011
 0 | text 5 | 01-01-2011
 2 | text 7 | 01-03-2011
 4 | text 9 | 01-05-2011
 0 | text 0 | 01-06-2011
 2 | text 2 | 01-08-2011
 4 | text 4 | 01-10-2011
 0 | text 5 | 01-11-2011
 2 | text 7 | 01-13-2011
 4 | text 9 | 01-15-2011
 0 | text 0 | 01-01-2011
 2 | text 2 | 01-03-2011
 4 | text 4 | 01-05-2011
 0 | text 5 | 01-06-2011
 2 | text 7 | 01-08-2011
 4 | text 9 | 01-10-2011
 0 | text 0 | 01-11-2011
 2 | text 2 | 01-13-2011
 4 | text 4 | 01-15-2011
 0 | text 5 | 01-01-2011
 2 | text 7 | 01-03-2011
 4 | text 9 | 01-05-2011
(50 rows)

explain select smallt2.* from smallt2
where i < (select count(*) from smallt where smallt.i = smallt2.i);
                                                    QUERY PLAN                                                     
-------------------------------------------------------------------------------------------------------------------
 Gather Motion 2:1  (slice1; segments: 2)  (cost=0.00..862.02 rows=50 width=15)
   ->  Result  (cost=0.00..862.01 rows=25 width=15)
         Filter: smallt2.i < COALESCE("ColRef_0021", 0::bigint)
         ->  Result  (cost=0.00..862.01 rows=25 width=28)
               ->  Hash Left Join  (cost=0.00..862.01 rows=25 width=23)
                     Hash Cond: smallt2.i = smallt.i
                     ->  Table Scan on smallt2  (cost=0.00..431.00 rows=25 width=15)
                     ->  Hash  (cost=431.01..431.01 rows=5 width=12)
                           ->  GroupAggregate  (cost=0.00..431.01 rows=5 width=12)
                                 Group By: smallt.i
                                 ->  Sort  (cost=0.00..431.01 rows=50 width=4)
                                       Sort Key: smallt.i
                                       ->  Table Scan on smallt  (cost=0.00..431.00 rows=50 width=4)
 Settings:  enable_hashjoin=on; enable_nestloop=off; gp_enable_agg_distinct=on; optimizer=on; optimizer_segments=3
(14 rows)

-- Sort in MergeJoin
-- start_ignore
-- Known_opt_diff: OPT-3417. Missing feature: Sort Merge Join
-- end_ignore
set enable_hashjoin=off;
set enable_mergejoin=on;
select t1.* from smallt as t1, smallt as t2 where t1.i = t2.i and t1.i < 2;
 i |    t    |     d      
---+---------+------------
 1 | text 1  | 01-02-2011
 1 | text 1  | 01-02-2011
 1 | text 1  | 01-02-2011
 1 | text 1  | 01-02-2011
 1 | text 1  | 01-02-2011
 1 | text 1  | 01-02-2011
 1 | text 1  | 01-02-2011
 1 | text 1  | 01-02-2011
 1 | text 1  | 01-02-2011
 1 | text 1  | 01-02-2011
 1 | text 11 | 01-12-2011
 1 | text 11 | 01-12-2011
 1 | text 11 | 01-12-2011
 1 | text 11 | 01-12-2011
 1 | text 11 | 01-12-2011
 1 | text 11 | 01-12-2011
 1 | text 11 | 01-12-2011
 1 | text 11 | 01-12-2011
 1 | text 11 | 01-12-2011
 1 | text 11 | 01-12-2011
 1 | text 6  | 01-02-2011
 1 | text 6  | 01-02-2011
 1 | text 6  | 01-02-2011
 1 | text 6  | 01-02-2011
 1 | text 6  | 01-02-2011
 1 | text 6  | 01-02-2011
 1 | text 6  | 01-02-2011
 1 | text 6  | 01-02-2011
 1 | text 6  | 01-02-2011
 1 | text 6  | 01-02-2011
 1 | text 1  | 01-12-2011
 1 | text 1  | 01-12-2011
 1 | text 1  | 01-12-2011
 1 | text 1  | 01-12-2011
 1 | text 1  | 01-12-2011
 1 | text 1  | 01-12-2011
 1 | text 1  | 01-12-2011
 1 | text 1  | 01-12-2011
 1 | text 1  | 01-12-2011
 1 | text 1  | 01-12-2011
 1 | text 11 | 01-02-2011
 1 | text 11 | 01-02-2011
 1 | text 11 | 01-02-2011
 1 | text 11 | 01-02-2011
 1 | text 11 | 01-02-2011
 1 | text 11 | 01-02-2011
 1 | text 11 | 01-02-2011
 1 | text 11 | 01-02-2011
 1 | text 11 | 01-02-2011
 1 | text 11 | 01-02-2011
 1 | text 6  | 01-12-2011
 1 | text 6  | 01-12-2011
 1 | text 6  | 01-12-2011
 1 | text 6  | 01-12-2011
 1 | text 6  | 01-12-2011
 1 | text 6  | 01-12-2011
 1 | text 6  | 01-12-2011
 1 | text 6  | 01-12-2011
 1 | text 6  | 01-12-2011
 1 | text 6  | 01-12-2011
 1 | text 1  | 01-02-2011
 1 | text 1  | 01-02-2011
 1 | text 1  | 01-02-2011
 1 | text 1  | 01-02-2011
 1 | text 1  | 01-02-2011
 1 | text 1  | 01-02-2011
 1 | text 1  | 01-02-2011
 1 | text 1  | 01-02-2011
 1 | text 1  | 01-02-2011
 1 | text 1  | 01-02-2011
 1 | text 11 | 01-12-2011
 1 | text 11 | 01-12-2011
 1 | text 11 | 01-12-2011
 1 | text 11 | 01-12-2011
 1 | text 11 | 01-12-2011
 1 | text 11 | 01-12-2011
 1 | text 11 | 01-12-2011
 1 | text 11 | 01-12-2011
 1 | text 11 | 01-12-2011
 1 | text 11 | 01-12-2011
 1 | text 6  | 01-02-2011
 1 | text 6  | 01-02-2011
 1 | text 6  | 01-02-2011
 1 | text 6  | 01-02-2011
 1 | text 6  | 01-02-2011
 1 | text 6  | 01-02-2011
 1 | text 6  | 01-02-2011
 1 | text 6  | 01-02-2011
 1 | text 6  | 01-02-2011
 1 | text 6  | 01-02-2011
 1 | text 1  | 01-12-2011
 1 | text 1  | 01-12-2011
 1 | text 1  | 01-12-2011
 1 | text 1  | 01-12-2011
 1 | text 1  | 01-12-2011
 1 | text 1  | 01-12-2011
 1 | text 1  | 01-12-2011
 1 | text 1  | 01-12-2011
 1 | text 1  | 01-12-2011
 1 | text 1  | 01-12-2011
 0 | text 0  | 01-01-2011
 0 | text 0  | 01-01-2011
 0 | text 0  | 01-01-2011
 0 | text 0  | 01-01-2011
 0 | text 0  | 01-01-2011
 0 | text 0  | 01-01-2011
 0 | text 0  | 01-01-2011
 0 | text 0  | 01-01-2011
 0 | text 0  | 01-01-2011
 0 | text 0  | 01-01-2011
 0 | text 10 | 01-11-2011
 0 | text 10 | 01-11-2011
 0 | text 10 | 01-11-2011
 0 | text 10 | 01-11-2011
 0 | text 10 | 01-11-2011
 0 | text 10 | 01-11-2011
 0 | text 10 | 01-11-2011
 0 | text 10 | 01-11-2011
 0 | text 10 | 01-11-2011
 0 | text 10 | 01-11-2011
 0 | text 5  | 01-01-2011
 0 | text 5  | 01-01-2011
 0 | text 5  | 01-01-2011
 0 | text 5  | 01-01-2011
 0 | text 5  | 01-01-2011
 0 | text 5  | 01-01-2011
 0 | text 5  | 01-01-2011
 0 | text 5  | 01-01-2011
 0 | text 5  | 01-01-2011
 0 | text 5  | 01-01-2011
 0 | text 0  | 01-11-2011
 0 | text 0  | 01-11-2011
 0 | text 0  | 01-11-2011
 0 | text 0  | 01-11-2011
 0 | text 0  | 01-11-2011
 0 | text 0  | 01-11-2011
 0 | text 0  | 01-11-2011
 0 | text 0  | 01-11-2011
 0 | text 0  | 01-11-2011
 0 | text 0  | 01-11-2011
 0 | text 10 | 01-01-2011
 0 | text 10 | 01-01-2011
 0 | text 10 | 01-01-2011
 0 | text 10 | 01-01-2011
 0 | text 10 | 01-01-2011
 0 | text 10 | 01-01-2011
 0 | text 10 | 01-01-2011
 0 | text 10 | 01-01-2011
 0 | text 10 | 01-01-2011
 0 | text 10 | 01-01-2011
 0 | text 5  | 01-11-2011
 0 | text 5  | 01-11-2011
 0 | text 5  | 01-11-2011
 0 | text 5  | 01-11-2011
 0 | text 5  | 01-11-2011
 0 | text 5  | 01-11-2011
 0 | text 5  | 01-11-2011
 0 | text 5  | 01-11-2011
 0 | text 5  | 01-11-2011
 0 | text 5  | 01-11-2011
 0 | text 0  | 01-01-2011
 0 | text 0  | 01-01-2011
 0 | text 0  | 01-01-2011
 0 | text 0  | 01-01-2011
 0 | text 0  | 01-01-2011
 0 | text 0  | 01-01-2011
 0 | text 0  | 01-01-2011
 0 | text 0  | 01-01-2011
 0 | text 0  | 01-01-2011
 0 | text 0  | 01-01-2011
 0 | text 10 | 01-11-2011
 0 | text 10 | 01-11-2011
 0 | text 10 | 01-11-2011
 0 | text 10 | 01-11-2011
 0 | text 10 | 01-11-2011
 0 | text 10 | 01-11-2011
 0 | text 10 | 01-11-2011
 0 | text 10 | 01-11-2011
 0 | text 10 | 01-11-2011
 0 | text 10 | 01-11-2011
 0 | text 5  | 01-01-2011
 0 | text 5  | 01-01-2011
 0 | text 5  | 01-01-2011
 0 | text 5  | 01-01-2011
 0 | text 5  | 01-01-2011
 0 | text 5  | 01-01-2011
 0 | text 5  | 01-01-2011
 0 | text 5  | 01-01-2011
 0 | text 5  | 01-01-2011
 0 | text 5  | 01-01-2011
 0 | text 0  | 01-11-2011
 0 | text 0  | 01-11-2011
 0 | text 0  | 01-11-2011
 0 | text 0  | 01-11-2011
 0 | text 0  | 01-11-2011
 0 | text 0  | 01-11-2011
 0 | text 0  | 01-11-2011
 0 | text 0  | 01-11-2011
 0 | text 0  | 01-11-2011
 0 | text 0  | 01-11-2011
(200 rows)

explain analyze select t1.* from smallt as t1, smallt as t2 where t1.i = t2.i and t1.i < 2;
                                                                      QUERY PLAN                                                                      
------------------------------------------------------------------------------------------------------------------------------------------------------
 Gather Motion 2:1  (slice1; segments: 2)  (cost=0.00..862.02 rows=200 width=15)
   Rows out:  200 rows at destination with 12 ms to first row, 15 ms to end, start offset by 0.588 ms.
   ->  Hash Join  (cost=0.00..862.01 rows=100 width=15)
         Hash Cond: public.smallt.i = public.smallt.i
         Rows out:  Avg 100.0 rows x 2 workers.  Max 100 rows (seg0) with 8.172 ms to first row, 14 ms to end, start offset by 1.169 ms.
         Executor memory:  1K bytes avg, 1K bytes max (seg0).
         Work_mem used:  1K bytes avg, 1K bytes max (seg0). Workfile: (0 spilling, 0 reused)
         (seg0)   Hash chain length 10.0 avg, 10 max, using 1 of 1048589 buckets.
         ->  Table Scan on smallt  (cost=0.00..431.00 rows=10 width=15)
               Filter: i < 2
               Rows out:  Avg 10.0 rows x 2 workers.  Max 10 rows (seg0) with 0.030 ms to first row, 0.059 ms to end, start offset by 9.306 ms.
         ->  Hash  (cost=431.00..431.00 rows=10 width=4)
               Rows in:  Avg 10.0 rows x 2 workers.  Max 10 rows (seg0) with 0.139 ms to end, start offset by 9.166 ms.
               ->  Table Scan on smallt  (cost=0.00..431.00 rows=10 width=4)
                     Filter: i < 2
                     Rows out:  Avg 10.0 rows x 2 workers.  Max 10 rows (seg0) with 0.078 ms to first row, 0.108 ms to end, start offset by 9.167 ms.
 Slice statistics:
   (slice0)    Executor memory: 179K bytes.
   (slice1)    Executor memory: 12463K bytes avg x 2 workers, 12463K bytes max (seg0).  Work_mem: 1K bytes max.
 Statement statistics:
   Memory used: 128000K bytes
 Settings:  enable_hashjoin=off; enable_mergejoin=on; enable_nestloop=off; gp_enable_agg_distinct=on; optimizer=on; optimizer_segments=3
 Total runtime: 16.058 ms
(23 rows)

select t1.* from smallt as t1, smallt as t2 where t1.d = t2.d and t1.i < 2;
 i |    t    |     d      
---+---------+------------
 1 | text 1  | 01-02-2011
 1 | text 1  | 01-02-2011
 1 | text 1  | 01-02-2011
 1 | text 1  | 01-02-2011
 1 | text 1  | 01-02-2011
 1 | text 11 | 01-12-2011
 1 | text 11 | 01-12-2011
 1 | text 11 | 01-12-2011
 1 | text 11 | 01-12-2011
 1 | text 11 | 01-12-2011
 1 | text 6  | 01-02-2011
 1 | text 6  | 01-02-2011
 1 | text 6  | 01-02-2011
 1 | text 6  | 01-02-2011
 1 | text 6  | 01-02-2011
 1 | text 1  | 01-12-2011
 1 | text 1  | 01-12-2011
 1 | text 1  | 01-12-2011
 1 | text 1  | 01-12-2011
 1 | text 1  | 01-12-2011
 1 | text 11 | 01-02-2011
 1 | text 11 | 01-02-2011
 1 | text 11 | 01-02-2011
 1 | text 11 | 01-02-2011
 1 | text 11 | 01-02-2011
 1 | text 6  | 01-12-2011
 1 | text 6  | 01-12-2011
 1 | text 6  | 01-12-2011
 1 | text 6  | 01-12-2011
 1 | text 6  | 01-12-2011
 1 | text 1  | 01-02-2011
 1 | text 1  | 01-02-2011
 1 | text 1  | 01-02-2011
 1 | text 1  | 01-02-2011
 1 | text 1  | 01-02-2011
 1 | text 11 | 01-12-2011
 1 | text 11 | 01-12-2011
 1 | text 11 | 01-12-2011
 1 | text 11 | 01-12-2011
 1 | text 11 | 01-12-2011
 1 | text 6  | 01-02-2011
 1 | text 6  | 01-02-2011
 1 | text 6  | 01-02-2011
 1 | text 6  | 01-02-2011
 1 | text 6  | 01-02-2011
 1 | text 1  | 01-12-2011
 1 | text 1  | 01-12-2011
 1 | text 1  | 01-12-2011
 1 | text 1  | 01-12-2011
 1 | text 1  | 01-12-2011
 0 | text 0  | 01-01-2011
 0 | text 0  | 01-01-2011
 0 | text 0  | 01-01-2011
 0 | text 0  | 01-01-2011
 0 | text 0  | 01-01-2011
 0 | text 10 | 01-11-2011
 0 | text 10 | 01-11-2011
 0 | text 10 | 01-11-2011
 0 | text 10 | 01-11-2011
 0 | text 10 | 01-11-2011
 0 | text 5  | 01-01-2011
 0 | text 5  | 01-01-2011
 0 | text 5  | 01-01-2011
 0 | text 5  | 01-01-2011
 0 | text 5  | 01-01-2011
 0 | text 0  | 01-11-2011
 0 | text 0  | 01-11-2011
 0 | text 0  | 01-11-2011
 0 | text 0  | 01-11-2011
 0 | text 0  | 01-11-2011
 0 | text 10 | 01-01-2011
 0 | text 10 | 01-01-2011
 0 | text 10 | 01-01-2011
 0 | text 10 | 01-01-2011
 0 | text 10 | 01-01-2011
 0 | text 5  | 01-11-2011
 0 | text 5  | 01-11-2011
 0 | text 5  | 01-11-2011
 0 | text 5  | 01-11-2011
 0 | text 5  | 01-11-2011
 0 | text 0  | 01-01-2011
 0 | text 0  | 01-01-2011
 0 | text 0  | 01-01-2011
 0 | text 0  | 01-01-2011
 0 | text 0  | 01-01-2011
 0 | text 10 | 01-11-2011
 0 | text 10 | 01-11-2011
 0 | text 10 | 01-11-2011
 0 | text 10 | 01-11-2011
 0 | text 10 | 01-11-2011
 0 | text 5  | 01-01-2011
 0 | text 5  | 01-01-2011
 0 | text 5  | 01-01-2011
 0 | text 5  | 01-01-2011
 0 | text 5  | 01-01-2011
 0 | text 0  | 01-11-2011
 0 | text 0  | 01-11-2011
 0 | text 0  | 01-11-2011
 0 | text 0  | 01-11-2011
 0 | text 0  | 01-11-2011
(100 rows)

--start_ignore
explain analyze select t1.* from smallt as t1, smallt as t2 where t1.d = t2.d and t1.i < 2;
                                                                          QUERY PLAN                                                                           
---------------------------------------------------------------------------------------------------------------------------------------------------------------
 Gather Motion 2:1  (slice3; segments: 2)  (cost=0.00..862.02 rows=100 width=15)
   Rows out:  100 rows at destination with 43 ms to end, start offset by 0.545 ms.
   ->  Hash Join  (cost=0.00..862.01 rows=50 width=15)
         Hash Cond: public.smallt.d = public.smallt.d
         Rows out:  Avg 50.0 rows x 2 workers.  Max 50 rows (seg0) with 34 ms to first row, 42 ms to end, start offset by 1.251 ms.
         Executor memory:  1K bytes avg, 1K bytes max (seg0).
         Work_mem used:  1K bytes avg, 1K bytes max (seg0). Workfile: (0 spilling, 0 reused)
         (seg0)   Hash chain length 5.0 avg, 5 max, using 10 of 1048589 buckets.
         ->  Redistribute Motion 2:2  (slice1; segments: 2)  (cost=0.00..431.00 rows=10 width=15)
               Hash Key: public.smallt.d
               Rows out:  Avg 10.0 rows x 2 workers at destination.  Max 10 rows (seg0) with 0.041 ms to first row, 0.048 ms to end, start offset by 35 ms.
               ->  Table Scan on smallt  (cost=0.00..431.00 rows=10 width=15)
                     Filter: i < 2
                     Rows out:  Avg 10.0 rows x 2 workers.  Max 10 rows (seg0) with 5.773 ms to first row, 5.795 ms to end, start offset by 20 ms.
         ->  Hash  (cost=431.00..431.00 rows=50 width=4)
               Rows in:  Avg 50.0 rows x 2 workers.  Max 50 rows (seg0) with 27 ms to end, start offset by 8.032 ms.
               ->  Redistribute Motion 2:2  (slice2; segments: 2)  (cost=0.00..431.00 rows=50 width=4)
                     Hash Key: public.smallt.d
                     Rows out:  Avg 50.0 rows x 2 workers at destination.  Max 50 rows (seg0) with 15 ms to first row, 27 ms to end, start offset by 8.033 ms.
                     ->  Table Scan on smallt  (cost=0.00..431.00 rows=50 width=4)
                           Rows out:  Avg 50.0 rows x 2 workers.  Max 50 rows (seg0) with 2.780 ms to first row, 2.816 ms to end, start offset by 32 ms.
 Slice statistics:
   (slice0)    Executor memory: 163K bytes.
   (slice1)    Executor memory: 171K bytes avg x 2 workers, 171K bytes max (seg0).
   (slice2)    Executor memory: 171K bytes avg x 2 workers, 171K bytes max (seg0).
   (slice3)    Executor memory: 12475K bytes avg x 2 workers, 12475K bytes max (seg0).  Work_mem: 1K bytes max.
 Statement statistics:
   Memory used: 128000K bytes
 Settings:  enable_hashjoin=off; enable_mergejoin=on; enable_nestloop=off; gp_enable_agg_distinct=on; optimizer=on; optimizer_segments=3
 Total runtime: 43.852 ms
(30 rows)

--end_ignore
set enable_hashjoin=on;
set enable_mergejoin=off;
-- ShareInputScan
--with my_group_max(i, maximum) as (select i, max(d) from smallt group by i)
--select smallt2.* from my_group_max, smallt2 where my_group_max.i = smallt2.i
--and smallt2.i < any (select maximum from my_group_max);
--explain analyze with my_group_max(i, maximum) as (select i, max(d) from smallt group by i)
--select smallt2.* from my_group_max, smallt2 where my_group_max.i = smallt2.i
--and smallt2.i < any (select maximum from my_group_max);
-- IndexScan
create index smallt_d_idx on smallt (d);
create index smallt2_d_idx on smallt2 (d);
-- start_ignore
-- Known_opt_diff: This test is only here for the planner. It doesn't exercise eagerfree in ORCA plans
-- end_ignore
set enable_hashjoin=off;
set enable_nestloop=on;
set enable_seqscan=off;
set enable_bitmapscan=off;
select smallt.* from smallt, smallt2 where smallt.i = smallt2.i and smallt2.d = '2011-01-04'::date
and smallt.d = '2011-01-04'::date;
 i |    t    |     d      
---+---------+------------
 3 | text 3  | 01-04-2011
 3 | text 3  | 01-04-2011
 3 | text 3  | 01-04-2011
 3 | text 3  | 01-04-2011
 3 | text 3  | 01-04-2011
 3 | text 3  | 01-04-2011
 3 | text 3  | 01-04-2011
 3 | text 3  | 01-04-2011
 3 | text 13 | 01-04-2011
 3 | text 13 | 01-04-2011
 3 | text 13 | 01-04-2011
 3 | text 13 | 01-04-2011
 3 | text 8  | 01-04-2011
 3 | text 8  | 01-04-2011
 3 | text 8  | 01-04-2011
 3 | text 8  | 01-04-2011
 3 | text 8  | 01-04-2011
 3 | text 8  | 01-04-2011
 3 | text 8  | 01-04-2011
 3 | text 8  | 01-04-2011
(20 rows)

explain analyze select smallt.* from smallt, smallt2 where smallt.i = smallt2.i and smallt2.d = '2011-01-04'::date
and smallt.d = '2011-01-04'::date;
                                                                                     QUERY PLAN                                                                                     
------------------------------------------------------------------------------------------------------------------------------------------------------------------------------------
 Gather Motion 2:1  (slice1; segments: 2)  (cost=0.00..0.06 rows=2 width=15)
   Rows out:  20 rows at destination with 11 ms to end, start offset by 0.451 ms.
   ->  Hash Join  (cost=0.00..0.06 rows=1 width=15)
         Hash Cond: smallt.i = smallt2.i
         Rows out:  20 rows (seg0) with 5.700 ms to first row, 10 ms to end, start offset by 0.888 ms.
         Executor memory:  1K bytes.
         Work_mem used:  1K bytes. Workfile: (0 spilling, 0 reused)
         (seg0)   Hash chain length 4.0 avg, 4 max, using 1 of 1048589 buckets.
         ->  Index Scan using smallt_d_idx on smallt  (cost=0.00..0.03 rows=3 width=15)
               Index Cond: d = '01-04-2011'::date
               Rows out:  5 rows (seg0) with 0.019 ms to first row, 0.029 ms to end, start offset by 6.565 ms.
         ->  Hash  (cost=0.03..0.03 rows=2 width=4)
               Rows in:  4 rows (seg0) with 0.086 ms to end, start offset by 6.479 ms.
               ->  Index Scan using smallt2_d_idx on smallt2  (cost=0.00..0.03 rows=2 width=4)
                     Index Cond: d = '01-04-2011'::date
                     Rows out:  4 rows (seg0) with 0.058 ms to first row, 0.070 ms to end, start offset by 6.480 ms.
 Slice statistics:
   (slice0)    Executor memory: 159K bytes.
   (slice1)    Executor memory: 12487K bytes avg x 2 workers, 12487K bytes max (seg0).  Work_mem: 1K bytes max.
 Statement statistics:
   Memory used: 128000K bytes
 Settings:  enable_bitmapscan=off; enable_hashjoin=off; enable_mergejoin=off; enable_nestloop=on; enable_seqscan=off; gp_enable_agg_distinct=on; optimizer=on; optimizer_segments=3
 Total runtime: 12.227 ms
(23 rows)

-- BitmapScan
-- start_ignore
-- Known_opt_diff: This test is only here for the planner. It doesn't exercise eagerfree in ORCA plans
-- end_ignore
set enable_indexscan=off;
set enable_bitmapscan=on;
select smallt.* from smallt, smallt2 where smallt.i = smallt2.i and smallt2.d = '2011-01-04'::date
and smallt.d = '2011-01-04'::date;
 i |    t    |     d      
---+---------+------------
 3 | text 3  | 01-04-2011
 3 | text 3  | 01-04-2011
 3 | text 3  | 01-04-2011
 3 | text 3  | 01-04-2011
 3 | text 3  | 01-04-2011
 3 | text 3  | 01-04-2011
 3 | text 3  | 01-04-2011
 3 | text 3  | 01-04-2011
 3 | text 13 | 01-04-2011
 3 | text 13 | 01-04-2011
 3 | text 13 | 01-04-2011
 3 | text 13 | 01-04-2011
 3 | text 8  | 01-04-2011
 3 | text 8  | 01-04-2011
 3 | text 8  | 01-04-2011
 3 | text 8  | 01-04-2011
 3 | text 8  | 01-04-2011
 3 | text 8  | 01-04-2011
 3 | text 8  | 01-04-2011
 3 | text 8  | 01-04-2011
(20 rows)

explain analyze select smallt.* from smallt, smallt2 where smallt.i = smallt2.i and smallt2.d = '2011-01-04'::date
and smallt.d = '2011-01-04'::date;
                                                                                               QUERY PLAN                                                                                                
---------------------------------------------------------------------------------------------------------------------------------------------------------------------------------------------------------
 Gather Motion 2:1  (slice1; segments: 2)  (cost=0.00..0.06 rows=2 width=15)
   Rows out:  20 rows at destination with 12 ms to end, start offset by 0.505 ms.
   ->  Hash Join  (cost=0.00..0.06 rows=1 width=15)
         Hash Cond: smallt.i = smallt2.i
         Rows out:  20 rows (seg0) with 5.956 ms to first row, 11 ms to end, start offset by 1.011 ms.
         Executor memory:  1K bytes.
         Work_mem used:  1K bytes. Workfile: (0 spilling, 0 reused)
         (seg0)   Hash chain length 4.0 avg, 4 max, using 1 of 1048589 buckets.
         ->  Index Scan using smallt_d_idx on smallt  (cost=0.00..0.03 rows=3 width=15)
               Index Cond: d = '01-04-2011'::date
               Rows out:  5 rows (seg0) with 0.020 ms to first row, 0.028 ms to end, start offset by 6.943 ms.
         ->  Hash  (cost=0.03..0.03 rows=2 width=4)
               Rows in:  4 rows (seg0) with 0.078 ms to end, start offset by 6.864 ms.
               ->  Index Scan using smallt2_d_idx on smallt2  (cost=0.00..0.03 rows=2 width=4)
                     Index Cond: d = '01-04-2011'::date
                     Rows out:  4 rows (seg0) with 0.051 ms to first row, 0.064 ms to end, start offset by 6.864 ms.
 Slice statistics:
   (slice0)    Executor memory: 159K bytes.
   (slice1)    Executor memory: 12487K bytes avg x 2 workers, 12487K bytes max (seg0).  Work_mem: 1K bytes max.
 Statement statistics:
   Memory used: 128000K bytes
 Settings:  enable_bitmapscan=on; enable_hashjoin=off; enable_indexscan=off; enable_mergejoin=off; enable_nestloop=on; enable_seqscan=off; gp_enable_agg_distinct=on; optimizer=on; optimizer_segments=3
 Total runtime: 12.904 ms
(23 rows)

set enable_hashjoin=on;
set enable_nestloop=off;
set enable_seqscan=on;
set enable_indexscan=on;
-- SubPlan
with my_group_sum(d, total) as (select d, sum(i) from smallt group by d)
select smallt2.* from smallt2
where i < all (select total from my_group_sum, smallt, smallt2 as tmp where my_group_sum.d = smallt.d and smallt.d = tmp.d and my_group_sum.d = smallt2.d)
and i = 0 order by 1,2,3; --order 1,2,3
 i |   t    |     d      
---+--------+------------
 0 | text 0 | 01-06-2011
 0 | text 5 | 01-06-2011
 0 | text 5 | 01-06-2011
(3 rows)

select smallt2.* from smallt2
where i < all (select total from (select d, sum(i) as total from smallt group by d) as my_group_sum, smallt, smallt2 as tmp
    where my_group_sum.d = smallt.d and smallt.d = tmp.d and my_group_sum.d = smallt2.d)
and i = 0 order by 1,2,3; --order 1,2,3
 i |   t    |     d      
---+--------+------------
 0 | text 0 | 01-06-2011
 0 | text 5 | 01-06-2011
 0 | text 5 | 01-06-2011
(3 rows)

-- Nested Subplan
drop table if exists eager_free_r;
NOTICE:  table "eager_free_r" does not exist, skipping
drop table if exists eager_free_s;
NOTICE:  table "eager_free_s" does not exist, skipping
drop table if exists eager_free_t;
NOTICE:  table "eager_free_t" does not exist, skipping
create table eager_free_r (r1 int, r2 int, r3 int);
NOTICE:  Table doesn't have 'DISTRIBUTED BY' clause -- Using column named 'r1' as the Greenplum Database data distribution key for this table.
HINT:  The 'DISTRIBUTED BY' clause determines the distribution of data. Make sure column(s) chosen are the optimal data distribution key to minimize skew.
create table eager_free_s (s1 int, s2 int, s3 int);
NOTICE:  Table doesn't have 'DISTRIBUTED BY' clause -- Using column named 's1' as the Greenplum Database data distribution key for this table.
HINT:  The 'DISTRIBUTED BY' clause determines the distribution of data. Make sure column(s) chosen are the optimal data distribution key to minimize skew.
create table eager_free_t (t1 int, t2 int, t3 int);
NOTICE:  Table doesn't have 'DISTRIBUTED BY' clause -- Using column named 't1' as the Greenplum Database data distribution key for this table.
HINT:  The 'DISTRIBUTED BY' clause determines the distribution of data. Make sure column(s) chosen are the optimal data distribution key to minimize skew.
insert into eager_free_r select generate_series(1, 20), generate_series(1, 5), generate_series(1, 8);
insert into eager_free_s select generate_series(1, 20), generate_series(6, 10), generate_series(1, 4);
insert into eager_free_t select generate_series(1, 30), generate_series(1, 6), generate_series(1, 5);
select * from eager_free_t where t1 > (select min(r1) from eager_free_r where r2<t2 and r3 > (Select min(s3) from eager_free_s where s1<r1));
 t1 | t2 | t3 
----+----+----
  4 |  4 |  4
  6 |  6 |  1
  8 |  2 |  3
 10 |  4 |  5
 12 |  6 |  2
 14 |  2 |  4
 16 |  4 |  1
 18 |  6 |  3
 20 |  2 |  5
 22 |  4 |  2
 24 |  6 |  4
 26 |  2 |  1
 28 |  4 |  3
 30 |  6 |  5
  3 |  3 |  3
  5 |  5 |  5
  9 |  3 |  4
 11 |  5 |  1
 15 |  3 |  5
 17 |  5 |  2
 21 |  3 |  1
 23 |  5 |  3
 27 |  3 |  2
 29 |  5 |  4
(24 rows)

